2025-06-08 08:51:31,957 - [user_id: 1079578936]:User: /start
Bot: ะัะธะฒะตั! ะะพัััะฟะฝัะต ะบะพะผะฐะฝะดั:
ะัะฟะพะผะพะณะฐัะตะปัะฝัะต:
  /weather <ะณะพัะพะด> โ ะัะพะณะฝะพะท ะฟะพะณะพะดั
  /map <ะปะพะบะฐัะธั> โ ะะพะพัะดะธะฝะฐัั ะปะพะบะฐัะธะธ + ะบะฐััะฐ
  /translate <ัะตะบัั> โ ะะตัะตะฒะพะด ัะตะบััะฐ ะฝะฐ ััััะบะธะน
  /affirmation โ ะกะปััะฐะนะฝะฐั ะฐััะธัะผะฐัะธั
ะัะฝะพะฒะฝัะต:
  /movie <ะฝะฐะทะฒะฐะฝะธะต> โ ะะพะดัะพะฑะฝะตะต ะพ ัะธะปัะผะต
  /most_wanted โ ะะถะธะดะฐะตะผัะต ัะธะปัะผั ะผะตัััะฐ
2025-06-08 08:51:42,105 - [user_id: 1079578936]:User: /most_wanted
Bot: ะคะธะปัะผั ะผะตัััะฐ (ััั. 1/6):

๐ฌ [Ateez World Tour [Towards the Light: Will to Power] ะฒ ะกะตัะปะต](https://www.kinopoisk.ru/film/8055465/) (2024) 126 ะผะธะฝ.
๐ ะะฐัะฐ ะฟัะตะผัะตัั: 2025-06-04
[ะัะฟะธัั ะฑะธะปะตั ๐](https://www.kinopoisk.ru/film/8055465/afisha/city/1/)

๐ฌ [ะะตะฝะฐะฒะธััั](https://www.kinopoisk.ru/film/9448/) (1995) 98 ะผะธะฝ.
๐ ะะฐัะฐ ะฟัะตะผัะตัั: 2025-06-05
[ะัะฟะธัั ะฑะธะปะตั ๐](https://www.kinopoisk.ru/film/9448/afisha/city/1/)

๐ฌ [ะะฐะปะตัะธะฝะฐ](https://www.kinopoisk.ru/film/1047492/) (2025) 125 ะผะธะฝ.
๐ ะะฐัะฐ ะฟัะตะผัะตัั: 2025-06-05
[ะัะฟะธัั ะฑะธะปะตั ๐](https://www.kinopoisk.ru/film/1047492/afisha/city/1/)

๐ฌ [ะะฐะดะบะฐั ัะตัััะฐ](https://www.kinopoisk.ru/film/7229988/) (2025) 109 ะผะธะฝ.
๐ ะะฐัะฐ ะฟัะตะผัะตัั: 2025-06-05
[ะัะฟะธัั ะฑะธะปะตั ๐](https://www.kinopoisk.ru/film/7229988/afisha/city/1/)

๐ฌ [ะะธะทะฝั ะงะฐะบะฐ](https://www.kinopoisk.ru/film/5406956/) (2024) 110 ะผะธะฝ.
๐ ะะฐัะฐ ะฟัะตะผัะตัั: 2025-06-05
[ะัะฟะธัั ะฑะธะปะตั ๐](https://www.kinopoisk.ru/film/5406956/afisha/city/1/)

๐ฌ [ะะพะฟั ะฒ ะทะฐะบะพะฝะต](https://www.kinopoisk.ru/film/7411831/) (2025) 87 ะผะธะฝ.
๐ ะะฐัะฐ ะฟัะตะผัะตัั: 2025-06-05
[ะัะฟะธัั ะฑะธะปะตั ๐](https://www.kinopoisk.ru/film/7411831/afisha/city/1/)

๐ฌ [ะะพะปะต ััะดะตั](https://www.kinopoisk.ru/film/6062449/) (2025) 90 ะผะธะฝ.
๐ ะะฐัะฐ ะฟัะตะผัะตัั: 2025-06-05
[ะัะฟะธัั ะฑะธะปะตั ๐](https://www.kinopoisk.ru/film/6062449/afisha/city/1/)

๐ฌ [ะะฐะบะปััะธะต. ะะตะผะพะฝ ะฒะฝัััะธ](https://www.kinopoisk.ru/film/1292096/) (2024) 88 ะผะธะฝ.
๐ ะะฐัะฐ ะฟัะตะผัะตัั: 2025-06-05
[ะัะฟะธัั ะฑะธะปะตั ๐](https://www.kinopoisk.ru/film/1292096/afisha/city/1/)

๐ฌ [ะกะฐะผะพะทะฒะฐะฝัั](https://www.kinopoisk.ru/film/7526672/) (2024) 90 ะผะธะฝ.
๐ ะะฐัะฐ ะฟัะตะผัะตัั: 2025-06-05
[ะัะฟะธัั ะฑะธะปะตั ๐](https://www.kinopoisk.ru/film/7526672/afisha/city/1/)

๐ฌ [ะะถะฐะผะฑะพ ะธ ะผะฐะปะตะฝัะบะพะต ะฟัะธะฒะธะดะตะฝะธะต](https://www.kinopoisk.ru/film/6638229/) (2025) 102 ะผะธะฝ.
๐ ะะฐัะฐ ะฟัะตะผัะตัั: 2025-06-05
[ะัะฟะธัั ะฑะธะปะตั ๐](https://www.kinopoisk.ru/film/6638229/afisha/city/1/)


2025-06-08 08:51:50,258 - [user_id: 1079578936]:User: /map
Bot: ะฃะบะฐะถะธัะต ะณะพัะพะด, ะฐะดัะตั ะธะปะธ ะฝะฐะทะฒะฐะฝะธะต ะทะฐะฒะตะดะตะฝะธั: /map <ะปะพะบะฐัะธั>
2025-06-08 08:51:57,537 - [user_id: 1079578936]:User: ะะตะผะตัะพะฒะพ
Bot: ะะตะธะทะฒะตััะฝะฐั ะบะพะผะฐะฝะดะฐ. ะะฒะตะดะธัะต /help ะดะปั ัะฟะธัะบะฐ ะบะพะผะฐะฝะด.
2025-06-08 08:52:02,939 - [user_id: 1079578936]:User: /map
Bot: ะฃะบะฐะถะธัะต ะณะพัะพะด, ะฐะดัะตั ะธะปะธ ะฝะฐะทะฒะฐะฝะธะต ะทะฐะฒะตะดะตะฝะธั: /map <ะปะพะบะฐัะธั>
