2025-06-08 12:44:19,360 - [user_id: 1120733781]:User: /start
Bot: ะัะธะฒะตั! ะะพัััะฟะฝัะต ะบะพะผะฐะฝะดั:
ะัะฟะพะผะพะณะฐัะตะปัะฝัะต:
  /weather <ะณะพัะพะด> โ ะัะพะณะฝะพะท ะฟะพะณะพะดั
  /map <ะปะพะบะฐัะธั> โ ะะพะพัะดะธะฝะฐัั ะปะพะบะฐัะธะธ + ะบะฐััะฐ
  /translate <ัะตะบัั> โ ะะตัะตะฒะพะด ัะตะบััะฐ ะฝะฐ ััััะบะธะน
  /affirmation โ ะกะปััะฐะนะฝะฐั ะฐััะธัะผะฐัะธั
ะัะฝะพะฒะฝัะต:
  /movie <ะฝะฐะทะฒะฐะฝะธะต> โ ะะพะดัะพะฑะฝะตะต ะพ ัะธะปัะผะต
  /most_wanted โ ะะถะธะดะฐะตะผัะต ัะธะปัะผั ะผะตัััะฐ
2025-06-08 12:44:58,048 - [user_id: 1120733781]:User: /weather
Bot: ะฃะบะฐะถะธัะต ะณะพัะพะด: /weather <ะณะพัะพะด>
2025-06-08 12:45:33,644 - [user_id: 1120733781]:User: /weather ะทะฐะปัะฟะธะฝัะบ
Bot: ะะพัะพะด ะฝะต ะฝะฐะนะดะตะฝ.
2025-06-08 12:46:10,011 - [user_id: 1120733781]:User: /weather ะะตัะปะธะฝ
Bot: ะะพะณะพะดะฐ ะฒ ะะตัะปะธะฝ:
ะะตะฑะพะปััะพะน ะดะพะถะดั
๐ก ะขะตะผะฟะตัะฐัััะฐ: *14.3ยฐC*
๐ก ะัััะฐะตััั ะบะฐะบ *14.21ยฐC*

๐ฆ ะะปะฐะถะฝะพััั: *93%*
๐ซ ะะฐะฒะปะตะฝะธะต: *1007 ะณะะฐ*

๐จ ะกะบะพัะพััั ะฒะตััะฐ: *2.68 ะผ/ั*
โ๏ธ ะะฐะฟัะฐะฒะปะตะฝะธะต: *163ยฐ*
2025-06-08 12:46:30,847 - [user_id: 1120733781]:User: /weather ะะตะผะตัะพะฒะพ
Bot: ะะพะณะพะดะฐ ะฒ ะะตะผะตัะพะฒะพ:
ะะตะฑะพะปััะพะน ะดะพะถะดั
๐ก ะขะตะผะฟะตัะฐัััะฐ: *20.83ยฐC*
๐ก ะัััะฐะตััั ะบะฐะบ *21.14ยฐC*

๐ฆ ะะปะฐะถะฝะพััั: *83%*
๐ซ ะะฐะฒะปะตะฝะธะต: *1010 ะณะะฐ*

๐จ ะกะบะพัะพััั ะฒะตััะฐ: *3 ะผ/ั*
โ๏ธ ะะฐะฟัะฐะฒะปะตะฝะธะต: *340ยฐ*
