2025-06-08 15:02:36,561 - [user_id: 1244835440]:User: /start
Bot: Привет! Доступные команды:
Вспомогательные:
  /weather <город> — Прогноз погоды
  /map <локация> — Координаты локации + карта
  /translate <текст> — Перевод текста на русский
  /affirmation — Случайная аффирмация
Основные:
  /movie <название> — Подробнее о фильме
  /most_wanted — Ожидаемые фильмы месяца
2025-06-08 15:02:39,723 - [user_id: 1244835440]:User: /weather
Bot: Укажите город: /weather <город>
2025-06-08 15:02:43,279 - [user_id: 1244835440]:User: /affirmation
Bot: You got this

-=-=-=-=-На русском-=-=-=-=-

Ты получил это
2025-06-08 15:02:44,249 - [user_id: 1244835440]:User: /most_wanted
Bot: Фильмы месяца (стр. 1/6):

🎬 [Ateez World Tour [Towards the Light: Will to Power] в Сеуле](https://www.kinopoisk.ru/film/8055465/) (2024) 126 мин.
📆 Дата премьеры: 2025-06-04
[Купить билет 🎟](https://www.kinopoisk.ru/film/8055465/afisha/city/1/)

🎬 [Ненависть](https://www.kinopoisk.ru/film/9448/) (1995) 98 мин.
📆 Дата премьеры: 2025-06-05
[Купить билет 🎟](https://www.kinopoisk.ru/film/9448/afisha/city/1/)

🎬 [Балерина](https://www.kinopoisk.ru/film/1047492/) (2025) 125 мин.
📆 Дата премьеры: 2025-06-05
[Купить билет 🎟](https://www.kinopoisk.ru/film/1047492/afisha/city/1/)

🎬 [Гадкая сестра](https://www.kinopoisk.ru/film/7229988/) (2025) 109 мин.
📆 Дата премьеры: 2025-06-05
[Купить билет 🎟](https://www.kinopoisk.ru/film/7229988/afisha/city/1/)

🎬 [Жизнь Чака](https://www.kinopoisk.ru/film/5406956/) (2024) 110 мин.
📆 Дата премьеры: 2025-06-05
[Купить билет 🎟](https://www.kinopoisk.ru/film/5406956/afisha/city/1/)

🎬 [Копы в законе](https://www.kinopoisk.ru/film/7411831/) (2025) 87 мин.
📆 Дата премьеры: 2025-06-05
[Купить билет 🎟](https://www.kinopoisk.ru/film/7411831/afisha/city/1/)

🎬 [Поле чудес](https://www.kinopoisk.ru/film/6062449/) (2025) 90 мин.
📆 Дата премьеры: 2025-06-05
[Купить билет 🎟](https://www.kinopoisk.ru/film/6062449/afisha/city/1/)

🎬 [Заклятие. Демон внутри](https://www.kinopoisk.ru/film/1292096/) (2024) 88 мин.
📆 Дата премьеры: 2025-06-05
[Купить билет 🎟](https://www.kinopoisk.ru/film/1292096/afisha/city/1/)

🎬 [Самозванцы](https://www.kinopoisk.ru/film/7526672/) (2024) 90 мин.
📆 Дата премьеры: 2025-06-05
[Купить билет 🎟](https://www.kinopoisk.ru/film/7526672/afisha/city/1/)

🎬 [Джамбо и маленькое привидение](https://www.kinopoisk.ru/film/6638229/) (2025) 102 мин.
📆 Дата премьеры: 2025-06-05
[Купить билет 🎟](https://www.kinopoisk.ru/film/6638229/afisha/city/1/)


2025-06-08 15:02:44,521 - [user_id: 1244835440]:User: /help
Bot: Привет! Доступные команды:
Вспомогательные:
  /weather <город> — Прогноз погоды
  /map <локация> — Координаты локации + карта
  /translate <текст> — Перевод текста на русский
  /affirmation — Случайная аффирмация
Основные:
  /movie <название> — Подробнее о фильме
  /most_wanted — Ожидаемые фильмы месяца
2025-06-08 15:02:44,702 - [user_id: 1244835440]:User: /help
Bot: Привет! Доступные команды:
Вспомогательные:
  /weather <город> — Прогноз погоды
  /map <локация> — Координаты локации + карта
  /translate <текст> — Перевод текста на русский
  /affirmation — Случайная аффирмация
Основные:
  /movie <название> — Подробнее о фильме
  /most_wanted — Ожидаемые фильмы месяца
2025-06-08 15:02:44,820 - [user_id: 1244835440]:User: /help
Bot: Привет! Доступные команды:
Вспомогательные:
  /weather <город> — Прогноз погоды
  /map <локация> — Координаты локации + карта
  /translate <текст> — Перевод текста на русский
  /affirmation — Случайная аффирмация
Основные:
  /movie <название> — Подробнее о фильме
  /most_wanted — Ожидаемые фильмы месяца
2025-06-08 15:02:44,939 - [user_id: 1244835440]:User: /help
Bot: Привет! Доступные команды:
Вспомогательные:
  /weather <город> — Прогноз погоды
  /map <локация> — Координаты локации + карта
  /translate <текст> — Перевод текста на русский
  /affirmation — Случайная аффирмация
Основные:
  /movie <название> — Подробнее о фильме
  /most_wanted — Ожидаемые фильмы месяца
2025-06-08 15:02:45,096 - [user_id: 1244835440]:User: /help
Bot: Привет! Доступные команды:
Вспомогательные:
  /weather <город> — Прогноз погоды
  /map <локация> — Координаты локации + карта
  /translate <текст> — Перевод текста на русский
  /affirmation — Случайная аффирмация
Основные:
  /movie <название> — Подробнее о фильме
  /most_wanted — Ожидаемые фильмы месяца
2025-06-08 15:02:45,211 - [user_id: 1244835440]:User: /help
Bot: Привет! Доступные команды:
Вспомогательные:
  /weather <город> — Прогноз погоды
  /map <локация> — Координаты локации + карта
  /translate <текст> — Перевод текста на русский
  /affirmation — Случайная аффирмация
Основные:
  /movie <название> — Подробнее о фильме
  /most_wanted — Ожидаемые фильмы месяца
2025-06-08 15:02:45,336 - [user_id: 1244835440]:User: /help
Bot: Привет! Доступные команды:
Вспомогательные:
  /weather <город> — Прогноз погоды
  /map <локация> — Координаты локации + карта
  /translate <текст> — Перевод текста на русский
  /affirmation — Случайная аффирмация
Основные:
  /movie <название> — Подробнее о фильме
  /most_wanted — Ожидаемые фильмы месяца
2025-06-08 15:02:45,455 - [user_id: 1244835440]:User: /help
Bot: Привет! Доступные команды:
Вспомогательные:
  /weather <город> — Прогноз погоды
  /map <локация> — Координаты локации + карта
  /translate <текст> — Перевод текста на русский
  /affirmation — Случайная аффирмация
Основные:
  /movie <название> — Подробнее о фильме
  /most_wanted — Ожидаемые фильмы месяца
2025-06-08 15:02:45,571 - [user_id: 1244835440]:User: /help
Bot: Привет! Доступные команды:
Вспомогательные:
  /weather <город> — Прогноз погоды
  /map <локация> — Координаты локации + карта
  /translate <текст> — Перевод текста на русский
  /affirmation — Случайная аффирмация
Основные:
  /movie <название> — Подробнее о фильме
  /most_wanted — Ожидаемые фильмы месяца
2025-06-08 15:02:45,697 - [user_id: 1244835440]:User: /help
Bot: Привет! Доступные команды:
Вспомогательные:
  /weather <город> — Прогноз погоды
  /map <локация> — Координаты локации + карта
  /translate <текст> — Перевод текста на русский
  /affirmation — Случайная аффирмация
Основные:
  /movie <название> — Подробнее о фильме
  /most_wanted — Ожидаемые фильмы месяца
2025-06-08 15:02:45,869 - [user_id: 1244835440]:User: /help
Bot: Привет! Доступные команды:
Вспомогательные:
  /weather <город> — Прогноз погоды
  /map <локация> — Координаты локации + карта
  /translate <текст> — Перевод текста на русский
  /affirmation — Случайная аффирмация
Основные:
  /movie <название> — Подробнее о фильме
  /most_wanted — Ожидаемые фильмы месяца
2025-06-08 15:02:46,056 - [user_id: 1244835440]:User: /help
Bot: Привет! Доступные команды:
Вспомогательные:
  /weather <город> — Прогноз погоды
  /map <локация> — Координаты локации + карта
  /translate <текст> — Перевод текста на русский
  /affirmation — Случайная аффирмация
Основные:
  /movie <название> — Подробнее о фильме
  /most_wanted — Ожидаемые фильмы месяца
2025-06-08 15:02:46,246 - [user_id: 1244835440]:User: /help
Bot: Привет! Доступные команды:
Вспомогательные:
  /weather <город> — Прогноз погоды
  /map <локация> — Координаты локации + карта
  /translate <текст> — Перевод текста на русский
  /affirmation — Случайная аффирмация
Основные:
  /movie <название> — Подробнее о фильме
  /most_wanted — Ожидаемые фильмы месяца
2025-06-08 15:02:46,441 - [user_id: 1244835440]:User: /help
Bot: Привет! Доступные команды:
Вспомогательные:
  /weather <город> — Прогноз погоды
  /map <локация> — Координаты локации + карта
  /translate <текст> — Перевод текста на русский
  /affirmation — Случайная аффирмация
Основные:
  /movie <название> — Подробнее о фильме
  /most_wanted — Ожидаемые фильмы месяца
2025-06-08 15:02:46,595 - [user_id: 1244835440]:User: /help
Bot: Привет! Доступные команды:
Вспомогательные:
  /weather <город> — Прогноз погоды
  /map <локация> — Координаты локации + карта
  /translate <текст> — Перевод текста на русский
  /affirmation — Случайная аффирмация
Основные:
  /movie <название> — Подробнее о фильме
  /most_wanted — Ожидаемые фильмы месяца
2025-06-08 15:02:46,816 - [user_id: 1244835440]:User: /help
Bot: Привет! Доступные команды:
Вспомогательные:
  /weather <город> — Прогноз погоды
  /map <локация> — Координаты локации + карта
  /translate <текст> — Перевод текста на русский
  /affirmation — Случайная аффирмация
Основные:
  /movie <название> — Подробнее о фильме
  /most_wanted — Ожидаемые фильмы месяца
2025-06-08 15:02:46,977 - [user_id: 1244835440]:User: /help
Bot: Привет! Доступные команды:
Вспомогательные:
  /weather <город> — Прогноз погоды
  /map <локация> — Координаты локации + карта
  /translate <текст> — Перевод текста на русский
  /affirmation — Случайная аффирмация
Основные:
  /movie <название> — Подробнее о фильме
  /most_wanted — Ожидаемые фильмы месяца
2025-06-08 15:02:47,204 - [user_id: 1244835440]:User: /help
Bot: Привет! Доступные команды:
Вспомогательные:
  /weather <город> — Прогноз погоды
  /map <локация> — Координаты локации + карта
  /translate <текст> — Перевод текста на русский
  /affirmation — Случайная аффирмация
Основные:
  /movie <название> — Подробнее о фильме
  /most_wanted — Ожидаемые фильмы месяца
2025-06-08 15:02:47,394 - [user_id: 1244835440]:User: /help
Bot: Привет! Доступные команды:
Вспомогательные:
  /weather <город> — Прогноз погоды
  /map <локация> — Координаты локации + карта
  /translate <текст> — Перевод текста на русский
  /affirmation — Случайная аффирмация
Основные:
  /movie <название> — Подробнее о фильме
  /most_wanted — Ожидаемые фильмы месяца
2025-06-08 15:02:47,621 - [user_id: 1244835440]:User: /help
Bot: Привет! Доступные команды:
Вспомогательные:
  /weather <город> — Прогноз погоды
  /map <локация> — Координаты локации + карта
  /translate <текст> — Перевод текста на русский
  /affirmation — Случайная аффирмация
Основные:
  /movie <название> — Подробнее о фильме
  /most_wanted — Ожидаемые фильмы месяца
2025-06-08 15:02:47,811 - [user_id: 1244835440]:User: /help
Bot: Привет! Доступные команды:
Вспомогательные:
  /weather <город> — Прогноз погоды
  /map <локация> — Координаты локации + карта
  /translate <текст> — Перевод текста на русский
  /affirmation — Случайная аффирмация
Основные:
  /movie <название> — Подробнее о фильме
  /most_wanted — Ожидаемые фильмы месяца
2025-06-08 15:02:48,037 - [user_id: 1244835440]:User: /help
Bot: Привет! Доступные команды:
Вспомогательные:
  /weather <город> — Прогноз погоды
  /map <локация> — Координаты локации + карта
  /translate <текст> — Перевод текста на русский
  /affirmation — Случайная аффирмация
Основные:
  /movie <название> — Подробнее о фильме
  /most_wanted — Ожидаемые фильмы месяца
2025-06-08 15:02:48,275 - [user_id: 1244835440]:User: /help
Bot: Привет! Доступные команды:
Вспомогательные:
  /weather <город> — Прогноз погоды
  /map <локация> — Координаты локации + карта
  /translate <текст> — Перевод текста на русский
  /affirmation — Случайная аффирмация
Основные:
  /movie <название> — Подробнее о фильме
  /most_wanted — Ожидаемые фильмы месяца
2025-06-08 15:02:48,404 - [user_id: 1244835440]:User: /help
Bot: Привет! Доступные команды:
Вспомогательные:
  /weather <город> — Прогноз погоды
  /map <локация> — Координаты локации + карта
  /translate <текст> — Перевод текста на русский
  /affirmation — Случайная аффирмация
Основные:
  /movie <название> — Подробнее о фильме
  /most_wanted — Ожидаемые фильмы месяца
2025-06-08 15:02:48,543 - [user_id: 1244835440]:User: /help
Bot: Привет! Доступные команды:
Вспомогательные:
  /weather <город> — Прогноз погоды
  /map <локация> — Координаты локации + карта
  /translate <текст> — Перевод текста на русский
  /affirmation — Случайная аффирмация
Основные:
  /movie <название> — Подробнее о фильме
  /most_wanted — Ожидаемые фильмы месяца
2025-06-08 15:02:48,811 - [user_id: 1244835440]:User: /help
Bot: Привет! Доступные команды:
Вспомогательные:
  /weather <город> — Прогноз погоды
  /map <локация> — Координаты локации + карта
  /translate <текст> — Перевод текста на русский
  /affirmation — Случайная аффирмация
Основные:
  /movie <название> — Подробнее о фильме
  /most_wanted — Ожидаемые фильмы месяца
2025-06-08 15:02:49,144 - [user_id: 1244835440]:User: /help
Bot: Привет! Доступные команды:
Вспомогательные:
  /weather <город> — Прогноз погоды
  /map <локация> — Координаты локации + карта
  /translate <текст> — Перевод текста на русский
  /affirmation — Случайная аффирмация
Основные:
  /movie <название> — Подробнее о фильме
  /most_wanted — Ожидаемые фильмы месяца
2025-06-08 15:02:49,373 - [user_id: 1244835440]:User: /help
Bot: Привет! Доступные команды:
Вспомогательные:
  /weather <город> — Прогноз погоды
  /map <локация> — Координаты локации + карта
  /translate <текст> — Перевод текста на русский
  /affirmation — Случайная аффирмация
Основные:
  /movie <название> — Подробнее о фильме
  /most_wanted — Ожидаемые фильмы месяца
2025-06-08 15:02:49,488 - [user_id: 1244835440]:User: /help
Bot: Привет! Доступные команды:
Вспомогательные:
  /weather <город> — Прогноз погоды
  /map <локация> — Координаты локации + карта
  /translate <текст> — Перевод текста на русский
  /affirmation — Случайная аффирмация
Основные:
  /movie <название> — Подробнее о фильме
  /most_wanted — Ожидаемые фильмы месяца
2025-06-08 15:02:49,611 - [user_id: 1244835440]:User: /help
Bot: Привет! Доступные команды:
Вспомогательные:
  /weather <город> — Прогноз погоды
  /map <локация> — Координаты локации + карта
  /translate <текст> — Перевод текста на русский
  /affirmation — Случайная аффирмация
Основные:
  /movie <название> — Подробнее о фильме
  /most_wanted — Ожидаемые фильмы месяца
2025-06-08 15:02:49,744 - [user_id: 1244835440]:User: /help
Bot: Привет! Доступные команды:
Вспомогательные:
  /weather <город> — Прогноз погоды
  /map <локация> — Координаты локации + карта
  /translate <текст> — Перевод текста на русский
  /affirmation — Случайная аффирмация
Основные:
  /movie <название> — Подробнее о фильме
  /most_wanted — Ожидаемые фильмы месяца
2025-06-08 15:02:49,866 - [user_id: 1244835440]:User: /help
Bot: Привет! Доступные команды:
Вспомогательные:
  /weather <город> — Прогноз погоды
  /map <локация> — Координаты локации + карта
  /translate <текст> — Перевод текста на русский
  /affirmation — Случайная аффирмация
Основные:
  /movie <название> — Подробнее о фильме
  /most_wanted — Ожидаемые фильмы месяца
2025-06-08 15:02:50,057 - [user_id: 1244835440]:User: /help
Bot: Привет! Доступные команды:
Вспомогательные:
  /weather <город> — Прогноз погоды
  /map <локация> — Координаты локации + карта
  /translate <текст> — Перевод текста на русский
  /affirmation — Случайная аффирмация
Основные:
  /movie <название> — Подробнее о фильме
  /most_wanted — Ожидаемые фильмы месяца
2025-06-08 15:02:50,257 - [user_id: 1244835440]:User: /help
Bot: Привет! Доступные команды:
Вспомогательные:
  /weather <город> — Прогноз погоды
  /map <локация> — Координаты локации + карта
  /translate <текст> — Перевод текста на русский
  /affirmation — Случайная аффирмация
Основные:
  /movie <название> — Подробнее о фильме
  /most_wanted — Ожидаемые фильмы месяца
2025-06-08 15:02:50,438 - [user_id: 1244835440]:User: /help
Bot: Привет! Доступные команды:
Вспомогательные:
  /weather <город> — Прогноз погоды
  /map <локация> — Координаты локации + карта
  /translate <текст> — Перевод текста на русский
  /affirmation — Случайная аффирмация
Основные:
  /movie <название> — Подробнее о фильме
  /most_wanted — Ожидаемые фильмы месяца
2025-06-08 15:02:50,640 - [user_id: 1244835440]:User: /help
Bot: Привет! Доступные команды:
Вспомогательные:
  /weather <город> — Прогноз погоды
  /map <локация> — Координаты локации + карта
  /translate <текст> — Перевод текста на русский
  /affirmation — Случайная аффирмация
Основные:
  /movie <название> — Подробнее о фильме
  /most_wanted — Ожидаемые фильмы месяца
2025-06-08 15:02:50,811 - [user_id: 1244835440]:User: /help
Bot: Привет! Доступные команды:
Вспомогательные:
  /weather <город> — Прогноз погоды
  /map <локация> — Координаты локации + карта
  /translate <текст> — Перевод текста на русский
  /affirmation — Случайная аффирмация
Основные:
  /movie <название> — Подробнее о фильме
  /most_wanted — Ожидаемые фильмы месяца
2025-06-08 15:02:51,045 - [user_id: 1244835440]:User: /help
Bot: Привет! Доступные команды:
Вспомогательные:
  /weather <город> — Прогноз погоды
  /map <локация> — Координаты локации + карта
  /translate <текст> — Перевод текста на русский
  /affirmation — Случайная аффирмация
Основные:
  /movie <название> — Подробнее о фильме
  /most_wanted — Ожидаемые фильмы месяца
2025-06-08 15:02:51,234 - [user_id: 1244835440]:User: /help
Bot: Привет! Доступные команды:
Вспомогательные:
  /weather <город> — Прогноз погоды
  /map <локация> — Координаты локации + карта
  /translate <текст> — Перевод текста на русский
  /affirmation — Случайная аффирмация
Основные:
  /movie <название> — Подробнее о фильме
  /most_wanted — Ожидаемые фильмы месяца
2025-06-08 15:02:51,392 - [user_id: 1244835440]:User: /help
Bot: Привет! Доступные команды:
Вспомогательные:
  /weather <город> — Прогноз погоды
  /map <локация> — Координаты локации + карта
  /translate <текст> — Перевод текста на русский
  /affirmation — Случайная аффирмация
Основные:
  /movie <название> — Подробнее о фильме
  /most_wanted — Ожидаемые фильмы месяца
2025-06-08 15:02:51,611 - [user_id: 1244835440]:User: /help
Bot: Привет! Доступные команды:
Вспомогательные:
  /weather <город> — Прогноз погоды
  /map <локация> — Координаты локации + карта
  /translate <текст> — Перевод текста на русский
  /affirmation — Случайная аффирмация
Основные:
  /movie <название> — Подробнее о фильме
  /most_wanted — Ожидаемые фильмы месяца
2025-06-08 15:02:51,811 - [user_id: 1244835440]:User: /help
Bot: Привет! Доступные команды:
Вспомогательные:
  /weather <город> — Прогноз погоды
  /map <локация> — Координаты локации + карта
  /translate <текст> — Перевод текста на русский
  /affirmation — Случайная аффирмация
Основные:
  /movie <название> — Подробнее о фильме
  /most_wanted — Ожидаемые фильмы месяца
2025-06-08 15:02:51,954 - [user_id: 1244835440]:User: /help
Bot: Привет! Доступные команды:
Вспомогательные:
  /weather <город> — Прогноз погоды
  /map <локация> — Координаты локации + карта
  /translate <текст> — Перевод текста на русский
  /affirmation — Случайная аффирмация
Основные:
  /movie <название> — Подробнее о фильме
  /most_wanted — Ожидаемые фильмы месяца
2025-06-08 15:02:52,180 - [user_id: 1244835440]:User: /help
Bot: Привет! Доступные команды:
Вспомогательные:
  /weather <город> — Прогноз погоды
  /map <локация> — Координаты локации + карта
  /translate <текст> — Перевод текста на русский
  /affirmation — Случайная аффирмация
Основные:
  /movie <название> — Подробнее о фильме
  /most_wanted — Ожидаемые фильмы месяца
2025-06-08 15:02:52,370 - [user_id: 1244835440]:User: /help
Bot: Привет! Доступные команды:
Вспомогательные:
  /weather <город> — Прогноз погоды
  /map <локация> — Координаты локации + карта
  /translate <текст> — Перевод текста на русский
  /affirmation — Случайная аффирмация
Основные:
  /movie <название> — Подробнее о фильме
  /most_wanted — Ожидаемые фильмы месяца
2025-06-08 15:02:52,593 - [user_id: 1244835440]:User: /help
Bot: Привет! Доступные команды:
Вспомогательные:
  /weather <город> — Прогноз погоды
  /map <локация> — Координаты локации + карта
  /translate <текст> — Перевод текста на русский
  /affirmation — Случайная аффирмация
Основные:
  /movie <название> — Подробнее о фильме
  /most_wanted — Ожидаемые фильмы месяца
2025-06-08 15:02:52,775 - [user_id: 1244835440]:User: /help
Bot: Привет! Доступные команды:
Вспомогательные:
  /weather <город> — Прогноз погоды
  /map <локация> — Координаты локации + карта
  /translate <текст> — Перевод текста на русский
  /affirmation — Случайная аффирмация
Основные:
  /movie <название> — Подробнее о фильме
  /most_wanted — Ожидаемые фильмы месяца
2025-06-08 15:02:53,019 - [user_id: 1244835440]:User: /help
Bot: Привет! Доступные команды:
Вспомогательные:
  /weather <город> — Прогноз погоды
  /map <локация> — Координаты локации + карта
  /translate <текст> — Перевод текста на русский
  /affirmation — Случайная аффирмация
Основные:
  /movie <название> — Подробнее о фильме
  /most_wanted — Ожидаемые фильмы месяца
2025-06-08 15:02:53,190 - [user_id: 1244835440]:User: /help
Bot: Привет! Доступные команды:
Вспомогательные:
  /weather <город> — Прогноз погоды
  /map <локация> — Координаты локации + карта
  /translate <текст> — Перевод текста на русский
  /affirmation — Случайная аффирмация
Основные:
  /movie <название> — Подробнее о фильме
  /most_wanted — Ожидаемые фильмы месяца
2025-06-08 15:02:53,343 - [user_id: 1244835440]:User: /help
Bot: Привет! Доступные команды:
Вспомогательные:
  /weather <город> — Прогноз погоды
  /map <локация> — Координаты локации + карта
  /translate <текст> — Перевод текста на русский
  /affirmation — Случайная аффирмация
Основные:
  /movie <название> — Подробнее о фильме
  /most_wanted — Ожидаемые фильмы месяца
2025-06-08 15:02:53,580 - [user_id: 1244835440]:User: /help
Bot: Привет! Доступные команды:
Вспомогательные:
  /weather <город> — Прогноз погоды
  /map <локация> — Координаты локации + карта
  /translate <текст> — Перевод текста на русский
  /affirmation — Случайная аффирмация
Основные:
  /movie <название> — Подробнее о фильме
  /most_wanted — Ожидаемые фильмы месяца
2025-06-08 15:02:53,795 - [user_id: 1244835440]:User: /help
Bot: Привет! Доступные команды:
Вспомогательные:
  /weather <город> — Прогноз погоды
  /map <локация> — Координаты локации + карта
  /translate <текст> — Перевод текста на русский
  /affirmation — Случайная аффирмация
Основные:
  /movie <название> — Подробнее о фильме
  /most_wanted — Ожидаемые фильмы месяца
2025-06-08 15:02:53,994 - [user_id: 1244835440]:User: /help
Bot: Привет! Доступные команды:
Вспомогательные:
  /weather <город> — Прогноз погоды
  /map <локация> — Координаты локации + карта
  /translate <текст> — Перевод текста на русский
  /affirmation — Случайная аффирмация
Основные:
  /movie <название> — Подробнее о фильме
  /most_wanted — Ожидаемые фильмы месяца
2025-06-08 15:02:54,159 - [user_id: 1244835440]:User: /help
Bot: Привет! Доступные команды:
Вспомогательные:
  /weather <город> — Прогноз погоды
  /map <локация> — Координаты локации + карта
  /translate <текст> — Перевод текста на русский
  /affirmation — Случайная аффирмация
Основные:
  /movie <название> — Подробнее о фильме
  /most_wanted — Ожидаемые фильмы месяца
2025-06-08 15:02:54,855 - [user_id: 1244835440]:User: /help
Bot: Привет! Доступные команды:
Вспомогательные:
  /weather <город> — Прогноз погоды
  /map <локация> — Координаты локации + карта
  /translate <текст> — Перевод текста на русский
  /affirmation — Случайная аффирмация
Основные:
  /movie <название> — Подробнее о фильме
  /most_wanted — Ожидаемые фильмы месяца
2025-06-08 15:02:55,140 - [user_id: 1244835440]:User: /help
Bot: Привет! Доступные команды:
Вспомогательные:
  /weather <город> — Прогноз погоды
  /map <локация> — Координаты локации + карта
  /translate <текст> — Перевод текста на русский
  /affirmation — Случайная аффирмация
Основные:
  /movie <название> — Подробнее о фильме
  /most_wanted — Ожидаемые фильмы месяца
2025-06-08 15:02:55,379 - [user_id: 1244835440]:User: /help
Bot: Привет! Доступные команды:
Вспомогательные:
  /weather <город> — Прогноз погоды
  /map <локация> — Координаты локации + карта
  /translate <текст> — Перевод текста на русский
  /affirmation — Случайная аффирмация
Основные:
  /movie <название> — Подробнее о фильме
  /most_wanted — Ожидаемые фильмы месяца
2025-06-08 15:02:55,597 - [user_id: 1244835440]:User: /help
Bot: Привет! Доступные команды:
Вспомогательные:
  /weather <город> — Прогноз погоды
  /map <локация> — Координаты локации + карта
  /translate <текст> — Перевод текста на русский
  /affirmation — Случайная аффирмация
Основные:
  /movie <название> — Подробнее о фильме
  /most_wanted — Ожидаемые фильмы месяца
2025-06-08 15:02:55,757 - [user_id: 1244835440]:User: /help
Bot: Привет! Доступные команды:
Вспомогательные:
  /weather <город> — Прогноз погоды
  /map <локация> — Координаты локации + карта
  /translate <текст> — Перевод текста на русский
  /affirmation — Случайная аффирмация
Основные:
  /movie <название> — Подробнее о фильме
  /most_wanted — Ожидаемые фильмы месяца
2025-06-08 15:02:55,875 - [user_id: 1244835440]:User: /help
Bot: Привет! Доступные команды:
Вспомогательные:
  /weather <город> — Прогноз погоды
  /map <локация> — Координаты локации + карта
  /translate <текст> — Перевод текста на русский
  /affirmation — Случайная аффирмация
Основные:
  /movie <название> — Подробнее о фильме
  /most_wanted — Ожидаемые фильмы месяца
2025-06-08 15:02:56,008 - [user_id: 1244835440]:User: /help
Bot: Привет! Доступные команды:
Вспомогательные:
  /weather <город> — Прогноз погоды
  /map <локация> — Координаты локации + карта
  /translate <текст> — Перевод текста на русский
  /affirmation — Случайная аффирмация
Основные:
  /movie <название> — Подробнее о фильме
  /most_wanted — Ожидаемые фильмы месяца
2025-06-08 15:02:56,269 - [user_id: 1244835440]:User: /help
Bot: Привет! Доступные команды:
Вспомогательные:
  /weather <город> — Прогноз погоды
  /map <локация> — Координаты локации + карта
  /translate <текст> — Перевод текста на русский
  /affirmation — Случайная аффирмация
Основные:
  /movie <название> — Подробнее о фильме
  /most_wanted — Ожидаемые фильмы месяца
2025-06-08 15:02:56,425 - [user_id: 1244835440]:User: /help
Bot: Привет! Доступные команды:
Вспомогательные:
  /weather <город> — Прогноз погоды
  /map <локация> — Координаты локации + карта
  /translate <текст> — Перевод текста на русский
  /affirmation — Случайная аффирмация
Основные:
  /movie <название> — Подробнее о фильме
  /most_wanted — Ожидаемые фильмы месяца
2025-06-08 15:02:56,682 - [user_id: 1244835440]:User: /help
Bot: Привет! Доступные команды:
Вспомогательные:
  /weather <город> — Прогноз погоды
  /map <локация> — Координаты локации + карта
  /translate <текст> — Перевод текста на русский
  /affirmation — Случайная аффирмация
Основные:
  /movie <название> — Подробнее о фильме
  /most_wanted — Ожидаемые фильмы месяца
2025-06-08 15:02:56,926 - [user_id: 1244835440]:User: /help
Bot: Привет! Доступные команды:
Вспомогательные:
  /weather <город> — Прогноз погоды
  /map <локация> — Координаты локации + карта
  /translate <текст> — Перевод текста на русский
  /affirmation — Случайная аффирмация
Основные:
  /movie <название> — Подробнее о фильме
  /most_wanted — Ожидаемые фильмы месяца
2025-06-08 15:02:57,073 - [user_id: 1244835440]:User: /help
Bot: Привет! Доступные команды:
Вспомогательные:
  /weather <город> — Прогноз погоды
  /map <локация> — Координаты локации + карта
  /translate <текст> — Перевод текста на русский
  /affirmation — Случайная аффирмация
Основные:
  /movie <название> — Подробнее о фильме
  /most_wanted — Ожидаемые фильмы месяца
2025-06-08 15:02:57,275 - [user_id: 1244835440]:User: /help
Bot: Привет! Доступные команды:
Вспомогательные:
  /weather <город> — Прогноз погоды
  /map <локация> — Координаты локации + карта
  /translate <текст> — Перевод текста на русский
  /affirmation — Случайная аффирмация
Основные:
  /movie <название> — Подробнее о фильме
  /most_wanted — Ожидаемые фильмы месяца
2025-06-08 15:02:57,650 - [user_id: 1244835440]:User: /help
Bot: Привет! Доступные команды:
Вспомогательные:
  /weather <город> — Прогноз погоды
  /map <локация> — Координаты локации + карта
  /translate <текст> — Перевод текста на русский
  /affirmation — Случайная аффирмация
Основные:
  /movie <название> — Подробнее о фильме
  /most_wanted — Ожидаемые фильмы месяца
2025-06-08 15:02:58,167 - [user_id: 1244835440]:User: /help
Bot: Привет! Доступные команды:
Вспомогательные:
  /weather <город> — Прогноз погоды
  /map <локация> — Координаты локации + карта
  /translate <текст> — Перевод текста на русский
  /affirmation — Случайная аффирмация
Основные:
  /movie <название> — Подробнее о фильме
  /most_wanted — Ожидаемые фильмы месяца
2025-06-08 15:02:58,356 - [user_id: 1244835440]:User: /help
Bot: Привет! Доступные команды:
Вспомогательные:
  /weather <город> — Прогноз погоды
  /map <локация> — Координаты локации + карта
  /translate <текст> — Перевод текста на русский
  /affirmation — Случайная аффирмация
Основные:
  /movie <название> — Подробнее о фильме
  /most_wanted — Ожидаемые фильмы месяца
2025-06-08 15:02:58,497 - [user_id: 1244835440]:User: /help
Bot: Привет! Доступные команды:
Вспомогательные:
  /weather <город> — Прогноз погоды
  /map <локация> — Координаты локации + карта
  /translate <текст> — Перевод текста на русский
  /affirmation — Случайная аффирмация
Основные:
  /movie <название> — Подробнее о фильме
  /most_wanted — Ожидаемые фильмы месяца
2025-06-08 15:02:58,610 - [user_id: 1244835440]:User: /help
Bot: Привет! Доступные команды:
Вспомогательные:
  /weather <город> — Прогноз погоды
  /map <локация> — Координаты локации + карта
  /translate <текст> — Перевод текста на русский
  /affirmation — Случайная аффирмация
Основные:
  /movie <название> — Подробнее о фильме
  /most_wanted — Ожидаемые фильмы месяца
2025-06-08 15:02:58,727 - [user_id: 1244835440]:User: /help
Bot: Привет! Доступные команды:
Вспомогательные:
  /weather <город> — Прогноз погоды
  /map <локация> — Координаты локации + карта
  /translate <текст> — Перевод текста на русский
  /affirmation — Случайная аффирмация
Основные:
  /movie <название> — Подробнее о фильме
  /most_wanted — Ожидаемые фильмы месяца
2025-06-08 15:02:58,858 - [user_id: 1244835440]:User: /help
Bot: Привет! Доступные команды:
Вспомогательные:
  /weather <город> — Прогноз погоды
  /map <локация> — Координаты локации + карта
  /translate <текст> — Перевод текста на русский
  /affirmation — Случайная аффирмация
Основные:
  /movie <название> — Подробнее о фильме
  /most_wanted — Ожидаемые фильмы месяца
2025-06-08 15:02:59,103 - [user_id: 1244835440]:User: /help
Bot: Привет! Доступные команды:
Вспомогательные:
  /weather <город> — Прогноз погоды
  /map <локация> — Координаты локации + карта
  /translate <текст> — Перевод текста на русский
  /affirmation — Случайная аффирмация
Основные:
  /movie <название> — Подробнее о фильме
  /most_wanted — Ожидаемые фильмы месяца
2025-06-08 15:02:59,398 - [user_id: 1244835440]:User: /help
Bot: Привет! Доступные команды:
Вспомогательные:
  /weather <город> — Прогноз погоды
  /map <локация> — Координаты локации + карта
  /translate <текст> — Перевод текста на русский
  /affirmation — Случайная аффирмация
Основные:
  /movie <название> — Подробнее о фильме
  /most_wanted — Ожидаемые фильмы месяца
2025-06-08 15:02:59,526 - [user_id: 1244835440]:User: /help
Bot: Привет! Доступные команды:
Вспомогательные:
  /weather <город> — Прогноз погоды
  /map <локация> — Координаты локации + карта
  /translate <текст> — Перевод текста на русский
  /affirmation — Случайная аффирмация
Основные:
  /movie <название> — Подробнее о фильме
  /most_wanted — Ожидаемые фильмы месяца
2025-06-08 15:02:59,651 - [user_id: 1244835440]:User: /help
Bot: Привет! Доступные команды:
Вспомогательные:
  /weather <город> — Прогноз погоды
  /map <локация> — Координаты локации + карта
  /translate <текст> — Перевод текста на русский
  /affirmation — Случайная аффирмация
Основные:
  /movie <название> — Подробнее о фильме
  /most_wanted — Ожидаемые фильмы месяца
2025-06-08 15:02:59,910 - [user_id: 1244835440]:User: /help
Bot: Привет! Доступные команды:
Вспомогательные:
  /weather <город> — Прогноз погоды
  /map <локация> — Координаты локации + карта
  /translate <текст> — Перевод текста на русский
  /affirmation — Случайная аффирмация
Основные:
  /movie <название> — Подробнее о фильме
  /most_wanted — Ожидаемые фильмы месяца
2025-06-08 15:03:00,067 - [user_id: 1244835440]:User: /help
Bot: Привет! Доступные команды:
Вспомогательные:
  /weather <город> — Прогноз погоды
  /map <локация> — Координаты локации + карта
  /translate <текст> — Перевод текста на русский
  /affirmation — Случайная аффирмация
Основные:
  /movie <название> — Подробнее о фильме
  /most_wanted — Ожидаемые фильмы месяца
2025-06-08 15:03:00,253 - [user_id: 1244835440]:User: /help
Bot: Привет! Доступные команды:
Вспомогательные:
  /weather <город> — Прогноз погоды
  /map <локация> — Координаты локации + карта
  /translate <текст> — Перевод текста на русский
  /affirmation — Случайная аффирмация
Основные:
  /movie <название> — Подробнее о фильме
  /most_wanted — Ожидаемые фильмы месяца
2025-06-08 15:03:00,464 - [user_id: 1244835440]:User: /help
Bot: Привет! Доступные команды:
Вспомогательные:
  /weather <город> — Прогноз погоды
  /map <локация> — Координаты локации + карта
  /translate <текст> — Перевод текста на русский
  /affirmation — Случайная аффирмация
Основные:
  /movie <название> — Подробнее о фильме
  /most_wanted — Ожидаемые фильмы месяца
2025-06-08 15:03:00,679 - [user_id: 1244835440]:User: /help
Bot: Привет! Доступные команды:
Вспомогательные:
  /weather <город> — Прогноз погоды
  /map <локация> — Координаты локации + карта
  /translate <текст> — Перевод текста на русский
  /affirmation — Случайная аффирмация
Основные:
  /movie <название> — Подробнее о фильме
  /most_wanted — Ожидаемые фильмы месяца
2025-06-08 15:03:00,872 - [user_id: 1244835440]:User: /help
Bot: Привет! Доступные команды:
Вспомогательные:
  /weather <город> — Прогноз погоды
  /map <локация> — Координаты локации + карта
  /translate <текст> — Перевод текста на русский
  /affirmation — Случайная аффирмация
Основные:
  /movie <название> — Подробнее о фильме
  /most_wanted — Ожидаемые фильмы месяца
2025-06-08 15:03:01,051 - [user_id: 1244835440]:User: /help
Bot: Привет! Доступные команды:
Вспомогательные:
  /weather <город> — Прогноз погоды
  /map <локация> — Координаты локации + карта
  /translate <текст> — Перевод текста на русский
  /affirmation — Случайная аффирмация
Основные:
  /movie <название> — Подробнее о фильме
  /most_wanted — Ожидаемые фильмы месяца
2025-06-08 15:03:01,314 - [user_id: 1244835440]:User: /help
Bot: Привет! Доступные команды:
Вспомогательные:
  /weather <город> — Прогноз погоды
  /map <локация> — Координаты локации + карта
  /translate <текст> — Перевод текста на русский
  /affirmation — Случайная аффирмация
Основные:
  /movie <название> — Подробнее о фильме
  /most_wanted — Ожидаемые фильмы месяца
2025-06-08 15:03:01,523 - [user_id: 1244835440]:User: /help
Bot: Привет! Доступные команды:
Вспомогательные:
  /weather <город> — Прогноз погоды
  /map <локация> — Координаты локации + карта
  /translate <текст> — Перевод текста на русский
  /affirmation — Случайная аффирмация
Основные:
  /movie <название> — Подробнее о фильме
  /most_wanted — Ожидаемые фильмы месяца
2025-06-08 15:03:01,701 - [user_id: 1244835440]:User: /help
Bot: Привет! Доступные команды:
Вспомогательные:
  /weather <город> — Прогноз погоды
  /map <локация> — Координаты локации + карта
  /translate <текст> — Перевод текста на русский
  /affirmation — Случайная аффирмация
Основные:
  /movie <название> — Подробнее о фильме
  /most_wanted — Ожидаемые фильмы месяца
2025-06-08 15:03:01,933 - [user_id: 1244835440]:User: /help
Bot: Привет! Доступные команды:
Вспомогательные:
  /weather <город> — Прогноз погоды
  /map <локация> — Координаты локации + карта
  /translate <текст> — Перевод текста на русский
  /affirmation — Случайная аффирмация
Основные:
  /movie <название> — Подробнее о фильме
  /most_wanted — Ожидаемые фильмы месяца
2025-06-08 15:03:02,114 - [user_id: 1244835440]:User: /help
Bot: Привет! Доступные команды:
Вспомогательные:
  /weather <город> — Прогноз погоды
  /map <локация> — Координаты локации + карта
  /translate <текст> — Перевод текста на русский
  /affirmation — Случайная аффирмация
Основные:
  /movie <название> — Подробнее о фильме
  /most_wanted — Ожидаемые фильмы месяца
2025-06-08 15:03:02,366 - [user_id: 1244835440]:User: /help
Bot: Привет! Доступные команды:
Вспомогательные:
  /weather <город> — Прогноз погоды
  /map <локация> — Координаты локации + карта
  /translate <текст> — Перевод текста на русский
  /affirmation — Случайная аффирмация
Основные:
  /movie <название> — Подробнее о фильме
  /most_wanted — Ожидаемые фильмы месяца
2025-06-08 15:03:02,529 - [user_id: 1244835440]:User: /help
Bot: Привет! Доступные команды:
Вспомогательные:
  /weather <город> — Прогноз погоды
  /map <локация> — Координаты локации + карта
  /translate <текст> — Перевод текста на русский
  /affirmation — Случайная аффирмация
Основные:
  /movie <название> — Подробнее о фильме
  /most_wanted — Ожидаемые фильмы месяца
2025-06-08 15:03:02,703 - [user_id: 1244835440]:User: /help
Bot: Привет! Доступные команды:
Вспомогательные:
  /weather <город> — Прогноз погоды
  /map <локация> — Координаты локации + карта
  /translate <текст> — Перевод текста на русский
  /affirmation — Случайная аффирмация
Основные:
  /movie <название> — Подробнее о фильме
  /most_wanted — Ожидаемые фильмы месяца
2025-06-08 15:03:02,918 - [user_id: 1244835440]:User: /help
Bot: Привет! Доступные команды:
Вспомогательные:
  /weather <город> — Прогноз погоды
  /map <локация> — Координаты локации + карта
  /translate <текст> — Перевод текста на русский
  /affirmation — Случайная аффирмация
Основные:
  /movie <название> — Подробнее о фильме
  /most_wanted — Ожидаемые фильмы месяца
2025-06-08 15:03:03,130 - [user_id: 1244835440]:User: /help
Bot: Привет! Доступные команды:
Вспомогательные:
  /weather <город> — Прогноз погоды
  /map <локация> — Координаты локации + карта
  /translate <текст> — Перевод текста на русский
  /affirmation — Случайная аффирмация
Основные:
  /movie <название> — Подробнее о фильме
  /most_wanted — Ожидаемые фильмы месяца
2025-06-08 15:03:03,335 - [user_id: 1244835440]:User: /help
Bot: Привет! Доступные команды:
Вспомогательные:
  /weather <город> — Прогноз погоды
  /map <локация> — Координаты локации + карта
  /translate <текст> — Перевод текста на русский
  /affirmation — Случайная аффирмация
Основные:
  /movie <название> — Подробнее о фильме
  /most_wanted — Ожидаемые фильмы месяца
2025-06-08 15:03:06,523 - [user_id: 1244835440]:User: /help
Bot: Привет! Доступные команды:
Вспомогательные:
  /weather <город> — Прогноз погоды
  /map <локация> — Координаты локации + карта
  /translate <текст> — Перевод текста на русский
  /affirmation — Случайная аффирмация
Основные:
  /movie <название> — Подробнее о фильме
  /most_wanted — Ожидаемые фильмы месяца
2025-06-08 15:03:06,647 - [user_id: 1244835440]:User: /help
Bot: Привет! Доступные команды:
Вспомогательные:
  /weather <город> — Прогноз погоды
  /map <локация> — Координаты локации + карта
  /translate <текст> — Перевод текста на русский
  /affirmation — Случайная аффирмация
Основные:
  /movie <название> — Подробнее о фильме
  /most_wanted — Ожидаемые фильмы месяца
