2025-06-08 12:43:26,142 - [user_id: 1619221423]:User: /start
Bot: Привет! Доступные команды:
Вспомогательные:
  /weather <город> — Прогноз погоды
  /map <локация> — Координаты локации + карта
  /translate <текст> — Перевод текста на русский
  /affirmation — Случайная аффирмация
Основные:
  /movie <название> — Подробнее о фильме
  /most_wanted — Ожидаемые фильмы месяца
2025-06-08 12:43:48,746 - [user_id: 1619221423]:User: /affirmation
Bot: It's not a mistake, it's a learning opportunity

-=-=-=-=-На русском-=-=-=-=-

Это не ошибка, это возможность обучения
2025-06-08 12:43:58,067 - [user_id: 1619221423]:User: /affirmation
Bot: I give myself permission to do what is right for me

-=-=-=-=-На русском-=-=-=-=-

Я даю себе разрешение делать то, что мне подходит
2025-06-08 12:44:01,627 - [user_id: 1619221423]:User: /affirmation
Bot: Your mind is full of brilliant ideas

-=-=-=-=-На русском-=-=-=-=-

Ваш разум полон блестящих идей
2025-06-08 12:44:34,998 - [user_id: 1619221423]:User: /most_wanted
Bot: Фильмы месяца (стр. 1/6):

🎬 [Ateez World Tour [Towards the Light: Will to Power] в Сеуле](https://www.kinopoisk.ru/film/8055465/) (2024) 126 мин.
📆 Дата премьеры: 2025-06-04
[Купить билет 🎟](https://www.kinopoisk.ru/film/8055465/afisha/city/1/)

🎬 [Ненависть](https://www.kinopoisk.ru/film/9448/) (1995) 98 мин.
📆 Дата премьеры: 2025-06-05
[Купить билет 🎟](https://www.kinopoisk.ru/film/9448/afisha/city/1/)

🎬 [Балерина](https://www.kinopoisk.ru/film/1047492/) (2025) 125 мин.
📆 Дата премьеры: 2025-06-05
[Купить билет 🎟](https://www.kinopoisk.ru/film/1047492/afisha/city/1/)

🎬 [Гадкая сестра](https://www.kinopoisk.ru/film/7229988/) (2025) 109 мин.
📆 Дата премьеры: 2025-06-05
[Купить билет 🎟](https://www.kinopoisk.ru/film/7229988/afisha/city/1/)

🎬 [Жизнь Чака](https://www.kinopoisk.ru/film/5406956/) (2024) 110 мин.
📆 Дата премьеры: 2025-06-05
[Купить билет 🎟](https://www.kinopoisk.ru/film/5406956/afisha/city/1/)

🎬 [Копы в законе](https://www.kinopoisk.ru/film/7411831/) (2025) 87 мин.
📆 Дата премьеры: 2025-06-05
[Купить билет 🎟](https://www.kinopoisk.ru/film/7411831/afisha/city/1/)

🎬 [Поле чудес](https://www.kinopoisk.ru/film/6062449/) (2025) 90 мин.
📆 Дата премьеры: 2025-06-05
[Купить билет 🎟](https://www.kinopoisk.ru/film/6062449/afisha/city/1/)

🎬 [Заклятие. Демон внутри](https://www.kinopoisk.ru/film/1292096/) (2024) 88 мин.
📆 Дата премьеры: 2025-06-05
[Купить билет 🎟](https://www.kinopoisk.ru/film/1292096/afisha/city/1/)

🎬 [Самозванцы](https://www.kinopoisk.ru/film/7526672/) (2024) 90 мин.
📆 Дата премьеры: 2025-06-05
[Купить билет 🎟](https://www.kinopoisk.ru/film/7526672/afisha/city/1/)

🎬 [Джамбо и маленькое привидение](https://www.kinopoisk.ru/film/6638229/) (2025) 102 мин.
📆 Дата премьеры: 2025-06-05
[Купить билет 🎟](https://www.kinopoisk.ru/film/6638229/afisha/city/1/)


2025-06-08 12:44:44,044 - [user_id: 1619221423]:User: /help
Bot: Привет! Доступные команды:
Вспомогательные:
  /weather <город> — Прогноз погоды
  /map <локация> — Координаты локации + карта
  /translate <текст> — Перевод текста на русский
  /affirmation — Случайная аффирмация
Основные:
  /movie <название> — Подробнее о фильме
  /most_wanted — Ожидаемые фильмы месяца
2025-06-08 12:44:49,514 - [user_id: 1619221423]:User: /map
Bot: Укажите город, адрес или название заведения: /map <локация>
2025-06-08 12:44:56,812 - [user_id: 1619221423]:User: Кемерово
Bot: Неизвестная команда. Введите /help для списка команд.
2025-06-08 12:45:15,057 - [user_id: 1619221423]:User: /map кемерово
Bot: Координаты кемерово: 55.3550907, 86.0871213
2025-06-08 12:45:36,397 - [user_id: 1619221423]:User: /weather кемерово
Bot: Погода в кемерово:
Небольшой дождь
🌡 Температура: *20.83°C*
🌡 Ощущается как *21.14°C*

💦 Влажность: *83%*
🌫 Давление: *1010 гПа*

💨 Скорость ветра: *3 м/с*
↗️ Направление: *340°*
2025-06-08 12:45:47,609 - [user_id: 1619221423]:User: /translate
Bot: Введите текст для перевода.
2025-06-08 12:46:02,667 - [user_id: 1619221423]:User: weather
Bot: Неизвестная команда. Введите /help для списка команд.
2025-06-08 12:46:16,490 - [user_id: 1619221423]:User: /translate Weather
Bot: Источник:
Weather

Перевод:
Погода
2025-06-08 12:46:38,232 - [user_id: 1619221423]:User: /translate Хороший бот
Bot: Источник:
Хороший бот

Перевод:
Хороший бот
2025-06-08 12:46:59,508 - [user_id: 1619221423]:User: /movie Minecraft in movie
Bot: Фильм не найден.
2025-06-08 12:47:13,175 - [user_id: 1619221423]:User: /movie Minecraft
Bot: Minecraft в кино (2025)
A Minecraft Movie, 101 мин.

*Рейтинг: 6.1/10*⭐️

Описание:
Несколько лет назад офисный сотрудник Стив с помощью волшебных артефактов оказался в сказочной стране, где все кубическое и можно создавать разные вещи. Он нашел там счастье и четвероногого друга, но попал в плен к злой колдунье Малгоше — предводительнице армии боевых свиней. Некоторое время спустя из-за тех же артефактов в кубическую страну попадают ещё четверо: геймер-неудачник среднего возраста, технически одаренный мальчик, его старшая сестра и их риелторша. Не погибнуть от лап появившихся ночью зомби им помогает освобожденный Стив, и теперь всей компании предстоит пройти настоящий квест и противостоять ненавидящей творчество коварной Малгоше.

[Ссылочка *Тык*](https://www.kinopoisk.ru/film/838574/sr/1/)
2025-06-08 12:47:33,733 - [user_id: 1619221423]:User: /most_wanted
Bot: Фильмы месяца (стр. 1/6):

🎬 [Ateez World Tour [Towards the Light: Will to Power] в Сеуле](https://www.kinopoisk.ru/film/8055465/) (2024) 126 мин.
📆 Дата премьеры: 2025-06-04
[Купить билет 🎟](https://www.kinopoisk.ru/film/8055465/afisha/city/1/)

🎬 [Ненависть](https://www.kinopoisk.ru/film/9448/) (1995) 98 мин.
📆 Дата премьеры: 2025-06-05
[Купить билет 🎟](https://www.kinopoisk.ru/film/9448/afisha/city/1/)

🎬 [Балерина](https://www.kinopoisk.ru/film/1047492/) (2025) 125 мин.
📆 Дата премьеры: 2025-06-05
[Купить билет 🎟](https://www.kinopoisk.ru/film/1047492/afisha/city/1/)

🎬 [Гадкая сестра](https://www.kinopoisk.ru/film/7229988/) (2025) 109 мин.
📆 Дата премьеры: 2025-06-05
[Купить билет 🎟](https://www.kinopoisk.ru/film/7229988/afisha/city/1/)

🎬 [Жизнь Чака](https://www.kinopoisk.ru/film/5406956/) (2024) 110 мин.
📆 Дата премьеры: 2025-06-05
[Купить билет 🎟](https://www.kinopoisk.ru/film/5406956/afisha/city/1/)

🎬 [Копы в законе](https://www.kinopoisk.ru/film/7411831/) (2025) 87 мин.
📆 Дата премьеры: 2025-06-05
[Купить билет 🎟](https://www.kinopoisk.ru/film/7411831/afisha/city/1/)

🎬 [Поле чудес](https://www.kinopoisk.ru/film/6062449/) (2025) 90 мин.
📆 Дата премьеры: 2025-06-05
[Купить билет 🎟](https://www.kinopoisk.ru/film/6062449/afisha/city/1/)

🎬 [Заклятие. Демон внутри](https://www.kinopoisk.ru/film/1292096/) (2024) 88 мин.
📆 Дата премьеры: 2025-06-05
[Купить билет 🎟](https://www.kinopoisk.ru/film/1292096/afisha/city/1/)

🎬 [Самозванцы](https://www.kinopoisk.ru/film/7526672/) (2024) 90 мин.
📆 Дата премьеры: 2025-06-05
[Купить билет 🎟](https://www.kinopoisk.ru/film/7526672/afisha/city/1/)

🎬 [Джамбо и маленькое привидение](https://www.kinopoisk.ru/film/6638229/) (2025) 102 мин.
📆 Дата премьеры: 2025-06-05
[Купить билет 🎟](https://www.kinopoisk.ru/film/6638229/afisha/city/1/)


