2025-06-08 06:09:49,481 - [user_id: 1852931568]:User: /start
Bot: Привет! Доступные команды:
Вспомогательные:
  /weather <город> — Прогноз погоды
  /map <локация> — Координаты города
  /translate <текст> — Перевод текста на русский
  /affirmation — Случайная аффирмация
Основные:
  /movie <название> — Подробнее о фильме
  /most_wanted — Ожидаемые фильмы месяца
2025-06-08 06:09:57,612 - [user_id: 1852931568]:User: /weather
Bot: Укажите город: /weather <город>
2025-06-08 06:10:06,460 - [user_id: 1852931568]:User: /weather город
Bot: Погода в город:
Ясно
🌡 Температура: *19.22°C*
🌡 Ощущается как *19.1°C*

💦 Влажность: *73%*
🌫 Давление: *1015 гПа*

💨 Скорость ветра: *2.76 м/с*
↗️ Направление: *217°*
2025-06-08 06:11:35,969 - [user_id: 1852931568]:User: /weather хйжфопк
Bot: Город не найден.
2025-06-08 06:11:38,788 - [user_id: 1852931568]:User: /map
Bot: Укажите город, адрес или название заведения: /map <локация>
2025-06-08 06:12:04,271 - [user_id: 1852931568]:User: /map кинотеатр космос, кемерово
Bot: Координаты кинотеатр космос, кемерово: 55.3465561, 86.0815820
2025-06-08 06:12:53,611 - [user_id: 1852931568]:User: /map 10020293тктктк к алузыхыь2т3о4о44  4 4
Bot: Не нашлось :с.
2025-06-08 06:13:11,405 - [user_id: 1852931568]:User: /translate
Bot: Введите текст для перевода.
2025-06-08 06:14:16,698 - [user_id: 1852931568]:User: /translate What do you need again?
Bot: Источник:
What do you need again?

Перевод:
Что тебе снова нужно?
2025-06-08 06:14:47,871 - [user_id: 1852931568]:User: /affirmation
Bot: We are all works in progress

-=-=-=-=-На русском-=-=-=-=-

Мы все в процессе работы
2025-06-08 06:14:52,895 - [user_id: 1852931568]:User: /movie
Bot: Укажите название фильма: /movie <название>
2025-06-08 06:14:56,079 - [user_id: 1852931568]:User: /movie
Bot: Укажите название фильма: /movie <название>
2025-06-08 06:15:19,240 - [user_id: 1852931568]:User: /movie Алиса в стране чудес
Bot: Ошибка соединения с сервером...
2025-06-08 06:16:00,564 - [user_id: 1852931568]:User: /movie Война миров
Bot: Война миров (2005)
War of the Worlds, 116 мин.

*Рейтинг: 7.1/10*⭐️

Описание:
На Землю нападают высокоразвитые пришельцы. Пока армия ведёт ожесточённые бои с захватчиками, обычный семьянин Рэй стремится выжить, чтобы любой ценой спасти своих детей.

[Ссылочка *Тык*](https://www.kinopoisk.ru/film/81289/sr/1/)
2025-06-08 06:16:23,791 - [user_id: 1852931568]:User: /movie Алиса в стране чудес
Bot: Ошибка соединения с сервером...
2025-06-08 06:17:04,185 - [user_id: 1852931568]:User: /movie лила и стич
Bot: Фильм не найден.
2025-06-08 06:17:30,010 - [user_id: 1852931568]:User: /most_wanted
Bot: Фильмы месяца (стр. 1/6):

🎬 [Ateez World Tour [Towards the Light: Will to Power] в Сеуле](https://www.kinopoisk.ru/film/8055465/) (2024) 126 мин.
📆 Дата премьеры: 2025-06-04
[Купить билет 🎟](https://www.kinopoisk.ru/film/8055465/afisha/city/1/)

🎬 [Ненависть](https://www.kinopoisk.ru/film/9448/) (1995) 98 мин.
📆 Дата премьеры: 2025-06-05
[Купить билет 🎟](https://www.kinopoisk.ru/film/9448/afisha/city/1/)

🎬 [Балерина](https://www.kinopoisk.ru/film/1047492/) (2025) 125 мин.
📆 Дата премьеры: 2025-06-05
[Купить билет 🎟](https://www.kinopoisk.ru/film/1047492/afisha/city/1/)

🎬 [Гадкая сестра](https://www.kinopoisk.ru/film/7229988/) (2025) 109 мин.
📆 Дата премьеры: 2025-06-05
[Купить билет 🎟](https://www.kinopoisk.ru/film/7229988/afisha/city/1/)

🎬 [Жизнь Чака](https://www.kinopoisk.ru/film/5406956/) (2024) 110 мин.
📆 Дата премьеры: 2025-06-05
[Купить билет 🎟](https://www.kinopoisk.ru/film/5406956/afisha/city/1/)

🎬 [Копы в законе](https://www.kinopoisk.ru/film/7411831/) (2025) 87 мин.
📆 Дата премьеры: 2025-06-05
[Купить билет 🎟](https://www.kinopoisk.ru/film/7411831/afisha/city/1/)

🎬 [Поле чудес](https://www.kinopoisk.ru/film/6062449/) (2025) 90 мин.
📆 Дата премьеры: 2025-06-05
[Купить билет 🎟](https://www.kinopoisk.ru/film/6062449/afisha/city/1/)

🎬 [Заклятие. Демон внутри](https://www.kinopoisk.ru/film/1292096/) (2024) 88 мин.
📆 Дата премьеры: 2025-06-05
[Купить билет 🎟](https://www.kinopoisk.ru/film/1292096/afisha/city/1/)

🎬 [Самозванцы](https://www.kinopoisk.ru/film/7526672/) (2024) 90 мин.
📆 Дата премьеры: 2025-06-05
[Купить билет 🎟](https://www.kinopoisk.ru/film/7526672/afisha/city/1/)

🎬 [Джамбо и маленькое привидение](https://www.kinopoisk.ru/film/6638229/) (2025) 102 мин.
📆 Дата премьеры: 2025-06-05
[Купить билет 🎟](https://www.kinopoisk.ru/film/6638229/afisha/city/1/)


2025-06-08 06:17:34,941 - [user_id: 1852931568]:User: /help
Bot: Привет! Доступные команды:
Вспомогательные:
  /weather <город> — Прогноз погоды
  /map <локация> — Координаты города
  /translate <текст> — Перевод текста на русский
  /affirmation — Случайная аффирмация
Основные:
  /movie <название> — Подробнее о фильме
  /most_wanted — Ожидаемые фильмы месяца
2025-06-08 08:11:48,670 - [user_id: 1852931568]:User: /affirmation
Bot: You'll figure it out

-=-=-=-=-На русском-=-=-=-=-

Вы поймете это
2025-06-08 08:34:58,465 - [user_id: 1852931568]:User: /help
Bot: Привет! Доступные команды:
Вспомогательные:
  /weather <город> — Прогноз погоды
  /map <локация> — Координаты локации + карта
  /translate <текст> — Перевод текста на русский
  /affirmation — Случайная аффирмация
Основные:
  /movie <название> — Подробнее о фильме
  /most_wanted — Ожидаемые фильмы месяца
2025-06-08 09:05:17,356 - [user_id: 1852931568]:User: /most_wanted
Bot: Фильмы месяца (стр. 1/6):

🎬 [Ateez World Tour [Towards the Light: Will to Power] в Сеуле](https://www.kinopoisk.ru/film/8055465/) (2024) 126 мин.
📆 Дата премьеры: 2025-06-04
[Купить билет 🎟](https://www.kinopoisk.ru/film/8055465/afisha/city/1/)

🎬 [Ненависть](https://www.kinopoisk.ru/film/9448/) (1995) 98 мин.
📆 Дата премьеры: 2025-06-05
[Купить билет 🎟](https://www.kinopoisk.ru/film/9448/afisha/city/1/)

🎬 [Балерина](https://www.kinopoisk.ru/film/1047492/) (2025) 125 мин.
📆 Дата премьеры: 2025-06-05
[Купить билет 🎟](https://www.kinopoisk.ru/film/1047492/afisha/city/1/)

🎬 [Гадкая сестра](https://www.kinopoisk.ru/film/7229988/) (2025) 109 мин.
📆 Дата премьеры: 2025-06-05
[Купить билет 🎟](https://www.kinopoisk.ru/film/7229988/afisha/city/1/)

🎬 [Жизнь Чака](https://www.kinopoisk.ru/film/5406956/) (2024) 110 мин.
📆 Дата премьеры: 2025-06-05
[Купить билет 🎟](https://www.kinopoisk.ru/film/5406956/afisha/city/1/)

🎬 [Копы в законе](https://www.kinopoisk.ru/film/7411831/) (2025) 87 мин.
📆 Дата премьеры: 2025-06-05
[Купить билет 🎟](https://www.kinopoisk.ru/film/7411831/afisha/city/1/)

🎬 [Поле чудес](https://www.kinopoisk.ru/film/6062449/) (2025) 90 мин.
📆 Дата премьеры: 2025-06-05
[Купить билет 🎟](https://www.kinopoisk.ru/film/6062449/afisha/city/1/)

🎬 [Заклятие. Демон внутри](https://www.kinopoisk.ru/film/1292096/) (2024) 88 мин.
📆 Дата премьеры: 2025-06-05
[Купить билет 🎟](https://www.kinopoisk.ru/film/1292096/afisha/city/1/)

🎬 [Самозванцы](https://www.kinopoisk.ru/film/7526672/) (2024) 90 мин.
📆 Дата премьеры: 2025-06-05
[Купить билет 🎟](https://www.kinopoisk.ru/film/7526672/afisha/city/1/)

🎬 [Джамбо и маленькое привидение](https://www.kinopoisk.ru/film/6638229/) (2025) 102 мин.
📆 Дата премьеры: 2025-06-05
[Купить билет 🎟](https://www.kinopoisk.ru/film/6638229/afisha/city/1/)


2025-06-08 09:05:27,281 - [user_id: 1852931568]:User: 
Bot: Фильмы месяца (стр. 2/6):

🎬 [Сны о ней](https://www.kinopoisk.ru/film/6792125/) (2024) 113 мин.
📆 Дата премьеры: 2025-06-05
[Купить билет 🎟](https://www.kinopoisk.ru/film/6792125/afisha/city/1/)

🎬 [Моя мама — волшебница](https://www.kinopoisk.ru/film/6122292/) (2025) 102 мин.
📆 Дата премьеры: 2025-06-05
[Купить билет 🎟](https://www.kinopoisk.ru/film/6122292/afisha/city/1/)

🎬 [Суровая жизнь](https://www.kinopoisk.ru/film/8052709/) (2025) 165 мин.
📆 Дата премьеры: 2025-06-05
[Купить билет 🎟](https://www.kinopoisk.ru/film/8052709/afisha/city/1/)

🎬 [Арт-лекторий: Тайная жизнь Уффици](https://www.kinopoisk.ru/film/4558757/) (2021) 96 мин.
📆 Дата премьеры: 2025-06-05
[Купить билет 🎟](https://www.kinopoisk.ru/film/4558757/afisha/city/1/)

🎬 [Хаусфул-5](https://www.kinopoisk.ru/film/1202005/) (2025) 164 мин.
📆 Дата премьеры: 2025-06-06
[Купить билет 🎟](https://www.kinopoisk.ru/film/1202005/afisha/city/1/)

🎬 [TheatreHD: Курентзис: Милосердие Тита](https://www.kinopoisk.ru/film/8014799/) (2017) 179 мин.
📆 Дата премьеры: 2025-06-11
[Купить билет 🎟](https://www.kinopoisk.ru/film/8014799/afisha/city/1/)

🎬 [Как стать миллионером](https://www.kinopoisk.ru/film/7165623/) (2024) 91 мин.
📆 Дата премьеры: 2025-06-12
[Купить билет 🎟](https://www.kinopoisk.ru/film/7165623/afisha/city/1/)

🎬 [Артек. Сквозь столетия](https://www.kinopoisk.ru/film/5203768/) (2025) 100 мин.
📆 Дата премьеры: 2025-06-12
[Купить билет 🎟](https://www.kinopoisk.ru/film/5203768/afisha/city/1/)

🎬 [Творение богов: Битва с демонами](https://www.kinopoisk.ru/film/1200005/) (2025) 144 мин.
📆 Дата премьеры: 2025-06-12
[Купить билет 🎟](https://www.kinopoisk.ru/film/1200005/afisha/city/1/)

🎬 [Синистер. Из тьмы](https://www.kinopoisk.ru/film/6022226/) (2024) 95 мин.
📆 Дата премьеры: 2025-06-12
[Купить билет 🎟](https://www.kinopoisk.ru/film/6022226/afisha/city/1/)


2025-06-08 09:06:29,538 - [user_id: 1852931568]:User: 
Bot: Фильмы месяца (стр. 3/6):

🎬 [Три богатыря. Ни дня без подвига 2](https://www.kinopoisk.ru/film/7527789/) (2025) None мин.
📆 Дата премьеры: 2025-06-12
[Купить билет 🎟](https://www.kinopoisk.ru/film/7527789/afisha/city/1/)

🎬 [Притворись моим мужем](https://www.kinopoisk.ru/film/5428538/) (2025) None мин.
📆 Дата премьеры: 2025-06-12
[Купить билет 🎟](https://www.kinopoisk.ru/film/5428538/afisha/city/1/)

🎬 [Больше чем футбол](https://www.kinopoisk.ru/film/5359960/) (2025) 106 мин.
📆 Дата премьеры: 2025-06-12
[Купить билет 🎟](https://www.kinopoisk.ru/film/5359960/afisha/city/1/)

🎬 [На деревню дедушке](https://www.kinopoisk.ru/film/6441870/) (2025) 90 мин.
📆 Дата премьеры: 2025-06-12
[Купить билет 🎟](https://www.kinopoisk.ru/film/6441870/afisha/city/1/)

🎬 [Ровесник](https://www.kinopoisk.ru/film/5134526/) (2024) 90 мин.
📆 Дата премьеры: 2025-06-12
[Купить билет 🎟](https://www.kinopoisk.ru/film/5134526/afisha/city/1/)

🎬 [Торнадо](https://www.kinopoisk.ru/film/7037317/) (2025) 90 мин.
📆 Дата премьеры: 2025-06-12
[Купить билет 🎟](https://www.kinopoisk.ru/film/7037317/afisha/city/1/)

🎬 [Память сердец](https://www.kinopoisk.ru/film/6792126/) (2025) 99 мин.
📆 Дата премьеры: 2025-06-12
[Купить билет 🎟](https://www.kinopoisk.ru/film/6792126/afisha/city/1/)

🎬 [Астрал. Остров проклятых](https://www.kinopoisk.ru/film/6095177/) (2024) 95 мин.
📆 Дата премьеры: 2025-06-12
[Купить билет 🎟](https://www.kinopoisk.ru/film/6095177/afisha/city/1/)

🎬 [МУЛЬТ в кино. Выпуск №183. Летние затеи](https://www.kinopoisk.ru/film/8124966/) (2025) 44 мин.
📆 Дата премьеры: 2025-06-14
[Купить билет 🎟](https://www.kinopoisk.ru/film/8124966/afisha/city/1/)

🎬 [Театр в кино: Травиата](https://www.kinopoisk.ru/film/7992895/) (2021) 125 мин.
📆 Дата премьеры: 2025-06-18
[Купить билет 🎟](https://www.kinopoisk.ru/film/7992895/afisha/city/1/)


2025-06-08 09:09:15,049 - [user_id: 1852931568]:User: /most_wanted
Bot: Фильмы месяца (стр. 1/12):

🎬 [Ateez World Tour [Towards the Light: Will to Power] в Сеуле](https://www.kinopoisk.ru/film/8055465/) (2024) 126 мин.
📆 Дата премьеры: 2025-06-04
[Купить билет 🎟](https://www.kinopoisk.ru/film/8055465/afisha/city/1/)

🎬 [Ненависть](https://www.kinopoisk.ru/film/9448/) (1995) 98 мин.
📆 Дата премьеры: 2025-06-05
[Купить билет 🎟](https://www.kinopoisk.ru/film/9448/afisha/city/1/)

🎬 [Балерина](https://www.kinopoisk.ru/film/1047492/) (2025) 125 мин.
📆 Дата премьеры: 2025-06-05
[Купить билет 🎟](https://www.kinopoisk.ru/film/1047492/afisha/city/1/)

🎬 [Гадкая сестра](https://www.kinopoisk.ru/film/7229988/) (2025) 109 мин.
📆 Дата премьеры: 2025-06-05
[Купить билет 🎟](https://www.kinopoisk.ru/film/7229988/afisha/city/1/)

🎬 [Жизнь Чака](https://www.kinopoisk.ru/film/5406956/) (2024) 110 мин.
📆 Дата премьеры: 2025-06-05
[Купить билет 🎟](https://www.kinopoisk.ru/film/5406956/afisha/city/1/)


2025-06-08 09:11:23,012 - [user_id: 1852931568]:User: 
Bot: Фильмы месяца (стр. 2/6):

🎬 [Сны о ней](https://www.kinopoisk.ru/film/6792125/) (2024) 113 мин.
📆 Дата премьеры: 2025-06-05
[Купить билет 🎟](https://www.kinopoisk.ru/film/6792125/afisha/city/1/)

🎬 [Моя мама — волшебница](https://www.kinopoisk.ru/film/6122292/) (2025) 102 мин.
📆 Дата премьеры: 2025-06-05
[Купить билет 🎟](https://www.kinopoisk.ru/film/6122292/afisha/city/1/)

🎬 [Суровая жизнь](https://www.kinopoisk.ru/film/8052709/) (2025) 165 мин.
📆 Дата премьеры: 2025-06-05
[Купить билет 🎟](https://www.kinopoisk.ru/film/8052709/afisha/city/1/)

🎬 [Арт-лекторий: Тайная жизнь Уффици](https://www.kinopoisk.ru/film/4558757/) (2021) 96 мин.
📆 Дата премьеры: 2025-06-05
[Купить билет 🎟](https://www.kinopoisk.ru/film/4558757/afisha/city/1/)

🎬 [Хаусфул-5](https://www.kinopoisk.ru/film/1202005/) (2025) 164 мин.
📆 Дата премьеры: 2025-06-06
[Купить билет 🎟](https://www.kinopoisk.ru/film/1202005/afisha/city/1/)

🎬 [TheatreHD: Курентзис: Милосердие Тита](https://www.kinopoisk.ru/film/8014799/) (2017) 179 мин.
📆 Дата премьеры: 2025-06-11
[Купить билет 🎟](https://www.kinopoisk.ru/film/8014799/afisha/city/1/)

🎬 [Как стать миллионером](https://www.kinopoisk.ru/film/7165623/) (2024) 91 мин.
📆 Дата премьеры: 2025-06-12
[Купить билет 🎟](https://www.kinopoisk.ru/film/7165623/afisha/city/1/)

🎬 [Артек. Сквозь столетия](https://www.kinopoisk.ru/film/5203768/) (2025) 100 мин.
📆 Дата премьеры: 2025-06-12
[Купить билет 🎟](https://www.kinopoisk.ru/film/5203768/afisha/city/1/)

🎬 [Творение богов: Битва с демонами](https://www.kinopoisk.ru/film/1200005/) (2025) 144 мин.
📆 Дата премьеры: 2025-06-12
[Купить билет 🎟](https://www.kinopoisk.ru/film/1200005/afisha/city/1/)

🎬 [Синистер. Из тьмы](https://www.kinopoisk.ru/film/6022226/) (2024) 95 мин.
📆 Дата премьеры: 2025-06-12
[Купить билет 🎟](https://www.kinopoisk.ru/film/6022226/afisha/city/1/)


2025-06-08 18:12:40,199 - [user_id: 1852931568]:User: /most_wanted
Bot: Фильмы месяца (стр. 1/6):

🎬 [Ateez World Tour [Towards the Light: Will to Power] в Сеуле](https://www.kinopoisk.ru/film/8055465/) (2024) 126 мин.
📆 Дата премьеры: 2025-06-04
[Купить билет 🎟](https://www.kinopoisk.ru/film/8055465/afisha/city/1/)

🎬 [Ненависть](https://www.kinopoisk.ru/film/9448/) (1995) 98 мин.
📆 Дата премьеры: 2025-06-05
[Купить билет 🎟](https://www.kinopoisk.ru/film/9448/afisha/city/1/)

🎬 [Балерина](https://www.kinopoisk.ru/film/1047492/) (2025) 125 мин.
📆 Дата премьеры: 2025-06-05
[Купить билет 🎟](https://www.kinopoisk.ru/film/1047492/afisha/city/1/)

🎬 [Гадкая сестра](https://www.kinopoisk.ru/film/7229988/) (2025) 109 мин.
📆 Дата премьеры: 2025-06-05
[Купить билет 🎟](https://www.kinopoisk.ru/film/7229988/afisha/city/1/)

🎬 [Жизнь Чака](https://www.kinopoisk.ru/film/5406956/) (2024) 110 мин.
📆 Дата премьеры: 2025-06-05
[Купить билет 🎟](https://www.kinopoisk.ru/film/5406956/afisha/city/1/)

🎬 [Копы в законе](https://www.kinopoisk.ru/film/7411831/) (2025) 87 мин.
📆 Дата премьеры: 2025-06-05
[Купить билет 🎟](https://www.kinopoisk.ru/film/7411831/afisha/city/1/)

🎬 [Поле чудес](https://www.kinopoisk.ru/film/6062449/) (2025) 90 мин.
📆 Дата премьеры: 2025-06-05
[Купить билет 🎟](https://www.kinopoisk.ru/film/6062449/afisha/city/1/)

🎬 [Заклятие. Демон внутри](https://www.kinopoisk.ru/film/1292096/) (2024) 88 мин.
📆 Дата премьеры: 2025-06-05
[Купить билет 🎟](https://www.kinopoisk.ru/film/1292096/afisha/city/1/)

🎬 [Самозванцы](https://www.kinopoisk.ru/film/7526672/) (2024) 90 мин.
📆 Дата премьеры: 2025-06-05
[Купить билет 🎟](https://www.kinopoisk.ru/film/7526672/afisha/city/1/)

🎬 [Джамбо и маленькое привидение](https://www.kinopoisk.ru/film/6638229/) (2025) 102 мин.
📆 Дата премьеры: 2025-06-05
[Купить билет 🎟](https://www.kinopoisk.ru/film/6638229/afisha/city/1/)


2025-06-08 18:58:13,845 - [user_id: 1852931568]:User: /translate Google translate is too shit
Bot: Источник:
Google translate is too shit

Перевод:
None
2025-06-08 18:59:05,671 - [user_id: 1852931568]:User: /translate Google translate is too shit
Bot: Источник:
Google translate is too shit

Перевод:
None
2025-06-08 19:00:31,485 - [user_id: 1852931568]:User: /translate Google translate is too shit
Bot: Источник:
Google translate is too shit

Перевод:
Google translate слишком дерьмовый
2025-06-08 19:00:48,332 - [user_id: 1852931568]:User: /affirmation
Bot: I admire you for taking this on

-=-=-=-=-На русском-=-=-=-=-

Я восхищаюсь вами за то, что вы взялись за это.
2025-06-08 19:01:05,293 - [user_id: 1852931568]:User: /affirmation
Bot: Whenever we’re afraid, it’s because we don’t know enough. If we understood enough, we would never be afraid

-=-=-=-=-На русском-=-=-=-=-

Когда мы боимся, это потому, что мы недостаточно знаем. Если бы мы понимали достаточно, мы бы никогда не боялись
2025-06-08 19:01:25,169 - [user_id: 1852931568]:User: /affirmation
Bot: Struggling is part of learning

-=-=-=-=-На русском-=-=-=-=-

Борьба - это часть обучения
2025-06-08 19:01:36,729 - [user_id: 1852931568]:User: /affirmation
Bot: You're an inspiration

-=-=-=-=-На русском-=-=-=-=-

Вы вдохновляете
2025-06-08 19:01:52,197 - [user_id: 1852931568]:User: /affirmation
Bot: You know more than you think

-=-=-=-=-На русском-=-=-=-=-

Вы знаете больше, чем думаете.
2025-06-08 19:02:05,551 - [user_id: 1852931568]:User: /affirmation
Bot: We are all works in progress

-=-=-=-=-На русском-=-=-=-=-

Мы все в процессе работы
2025-06-08 19:02:23,808 - [user_id: 1852931568]:User: /affirmation
Bot: The past does not equal the future

-=-=-=-=-На русском-=-=-=-=-

Прошлое не равно будущему
2025-06-08 19:02:37,716 - [user_id: 1852931568]:User: /affirmation
Bot: The opposite of courage in our society is not cowardice... it is conformity

-=-=-=-=-На русском-=-=-=-=-

Противоположностью смелости в нашем обществе является не трусость... а конформизм
2025-06-08 19:09:47,087 - [user_id: 1852931568]:User: /affirmation
Bot: Mistakes don't make you less capable

-=-=-=-=-На русском-=-=-=-=-

Ошибки не делают вас менее способными
2025-06-08 20:37:43,432 - [user_id: 1852931568]:User: /affirmation
Bot: You'll figure it out

-=-=-=-=-На русском-=-=-=-=-

Вы разберетесь.
2025-06-09 10:34:59,155 - [user_id: 1852931568]:User: /start
Bot: Привет! Доступные команды:
Вспомогательные:
  /weather <город> — Прогноз погоды
  /map <локация> — Координаты локации + карта
  /translate <текст> — Перевод текста на русский
  /affirmation — Случайная аффирмация
Основные:
  /movie <название> — Подробнее о фильме
  /most_wanted — Ожидаемые фильмы месяца
2025-06-09 10:35:14,388 - [user_id: 1852931568]:User: /weather Кемерово
Bot: Погода в Кемерово:
Ясно
🌡 Температура: *15.83°C*
🌡 Ощущается как *15.11°C*

💦 Влажность: *63%*
🌫 Давление: *1017 гПа*

💨 Скорость ветра: *5 м/с*
↗️ Направление: *30°*
2025-06-09 10:41:02,040 - [user_id: 1852931568]:User: /weather Кемерово
Bot: Погода в Кемерово:
Ясно
🌡 Температура: *16.83°C*
🌡 Ощущается как *16.21°C*

💦 Влажность: *63%*
🌫 Давление: *1017 гПа*

💨 Скорость ветра: *6 м/с*
↗️ Направление: *30°*
2025-06-09 10:41:06,493 - [user_id: 1852931568]:User: /help
Bot: Привет! Доступные команды:
Вспомогательные:
  /weather <город> — Прогноз погоды
  /map <локация> — Координаты локации + карта
  /translate <текст> — Перевод текста на русский
  /affirmation — Случайная аффирмация
Основные:
  /movie <название> — Подробнее о фильме
  /most_wanted — Ожидаемые фильмы месяца
2025-06-09 10:41:15,512 - [user_id: 1852931568]:User: /movie Война миров
Bot: Война миров (2005)
War of the Worlds, 116 мин.

*Рейтинг: 7.1/10*⭐️

Описание:
На Землю нападают высокоразвитые пришельцы. Пока армия ведёт ожесточённые бои с захватчиками, обычный семьянин Рэй стремится выжить, чтобы любой ценой спасти своих детей.

[Ссылочка *Тык*](https://www.kinopoisk.ru/film/81289/sr/1/)
