2025-06-08 11:34:26,153 - [user_id: 1899451684]:User: /start
Bot: Привет! Доступные команды:
Вспомогательные:
  /weather <город> — Прогноз погоды
  /map <локация> — Координаты локации + карта
  /translate <текст> — Перевод текста на русский
  /affirmation — Случайная аффирмация
Основные:
  /movie <название> — Подробнее о фильме
  /most_wanted — Ожидаемые фильмы месяца
2025-06-08 11:34:37,120 - [user_id: 1899451684]:User: /most_wanted
Bot: Фильмы месяца (стр. 1/6):

🎬 [Ateez World Tour [Towards the Light: Will to Power] в Сеуле](https://www.kinopoisk.ru/film/8055465/) (2024) 126 мин.
📆 Дата премьеры: 2025-06-04
[Купить билет 🎟](https://www.kinopoisk.ru/film/8055465/afisha/city/1/)

🎬 [Ненависть](https://www.kinopoisk.ru/film/9448/) (1995) 98 мин.
📆 Дата премьеры: 2025-06-05
[Купить билет 🎟](https://www.kinopoisk.ru/film/9448/afisha/city/1/)

🎬 [Балерина](https://www.kinopoisk.ru/film/1047492/) (2025) 125 мин.
📆 Дата премьеры: 2025-06-05
[Купить билет 🎟](https://www.kinopoisk.ru/film/1047492/afisha/city/1/)

🎬 [Гадкая сестра](https://www.kinopoisk.ru/film/7229988/) (2025) 109 мин.
📆 Дата премьеры: 2025-06-05
[Купить билет 🎟](https://www.kinopoisk.ru/film/7229988/afisha/city/1/)

🎬 [Жизнь Чака](https://www.kinopoisk.ru/film/5406956/) (2024) 110 мин.
📆 Дата премьеры: 2025-06-05
[Купить билет 🎟](https://www.kinopoisk.ru/film/5406956/afisha/city/1/)

🎬 [Копы в законе](https://www.kinopoisk.ru/film/7411831/) (2025) 87 мин.
📆 Дата премьеры: 2025-06-05
[Купить билет 🎟](https://www.kinopoisk.ru/film/7411831/afisha/city/1/)

🎬 [Поле чудес](https://www.kinopoisk.ru/film/6062449/) (2025) 90 мин.
📆 Дата премьеры: 2025-06-05
[Купить билет 🎟](https://www.kinopoisk.ru/film/6062449/afisha/city/1/)

🎬 [Заклятие. Демон внутри](https://www.kinopoisk.ru/film/1292096/) (2024) 88 мин.
📆 Дата премьеры: 2025-06-05
[Купить билет 🎟](https://www.kinopoisk.ru/film/1292096/afisha/city/1/)

🎬 [Самозванцы](https://www.kinopoisk.ru/film/7526672/) (2024) 90 мин.
📆 Дата премьеры: 2025-06-05
[Купить билет 🎟](https://www.kinopoisk.ru/film/7526672/afisha/city/1/)

🎬 [Джамбо и маленькое привидение](https://www.kinopoisk.ru/film/6638229/) (2025) 102 мин.
📆 Дата премьеры: 2025-06-05
[Купить билет 🎟](https://www.kinopoisk.ru/film/6638229/afisha/city/1/)


2025-06-08 11:35:43,852 - [user_id: 1899451684]:User: /movie
Bot: Укажите название фильма: /movie <название>
2025-06-08 11:35:57,616 - [user_id: 1899451684]:User: /movie Майор Гром Игра
Bot: Майор Гром: Игра (2024)
168 мин.

*Рейтинг: 7.5/10*⭐️

Описание:
Майор полиции Игорь Гром известен всему Санкт-Петербургу пробивным характером и непримиримой позицией по отношению к преступникам всех мастей. Неимоверная сила, аналитический склад ума и неподкупность — всё это делает майора Грома самым настоящим супергероем. Его жизнь идеальна: днём он ловит преступников вместе с напарником Димой Дубиным, а вечера проводит в компании журналистки Юлии Пчёлкиной. Полную идиллию прерывает появление в городе таинственного злодея, называющего себя Призраком. Он предлагает Грому сыграть в опасную игру, ставка в которой — жизни обычных людей.

[Ссылочка *Тык*](https://www.kinopoisk.ru/film/5249455/sr/1/)
2025-06-08 11:36:14,918 - [user_id: 1899451684]:User: /affirmation
Bot: It is not a sprint, it is a marathon. One step at a time

-=-=-=-=-На русском-=-=-=-=-

Это не спринт, это марафон. 
2025-06-08 11:36:23,426 - [user_id: 1899451684]:User: /affirmation
Bot: You are a capable human

-=-=-=-=-На русском-=-=-=-=-

Ты способный человек
2025-06-08 11:36:26,653 - [user_id: 1899451684]:User: /affirmation
Bot: Mistakes don't make you less capable

-=-=-=-=-На русском-=-=-=-=-

Ошибки не делают вас менее способным
2025-06-08 11:36:31,028 - [user_id: 1899451684]:User: /affirmation
Bot: Small progress is still progress

-=-=-=-=-На русском-=-=-=-=-

Небольшой прогресс все еще прогресс
2025-06-08 11:36:45,794 - [user_id: 1899451684]:User: /affirmation
Bot: It'll feel magical when it's working

-=-=-=-=-На русском-=-=-=-=-

Это будет волшебно, когда он работает
2025-06-08 11:36:49,974 - [user_id: 1899451684]:User: /affirmation
Bot: If everything was easy you'd be bored

-=-=-=-=-На русском-=-=-=-=-

Если бы все было легко, вам было бы скучно
2025-06-08 11:37:00,019 - [user_id: 1899451684]:User: /affirmation
Bot: You know more than you think

-=-=-=-=-На русском-=-=-=-=-

Вы знаете больше, чем думаете
2025-06-08 11:37:03,178 - [user_id: 1899451684]:User: /affirmation
Bot: You are worthy and deserving of respect

-=-=-=-=-На русском-=-=-=-=-

Вы достойны и заслуживают уважения
2025-06-08 11:37:06,473 - [user_id: 1899451684]:User: /affirmation
Bot: All you need is the plan, the roadmap, and the courage to press on to your destination

-=-=-=-=-На русском-=-=-=-=-

Все, что вам нужно, это план, дорожная карта и смелость нажать на пункт назначения
2025-06-08 11:37:09,336 - [user_id: 1899451684]:User: /affirmation
Bot: I believe in you

-=-=-=-=-На русском-=-=-=-=-

Я верю в тебя
2025-06-08 11:37:11,455 - [user_id: 1899451684]:User: /affirmation
Bot: You got this

-=-=-=-=-На русском-=-=-=-=-

Ты получил это
2025-06-08 11:37:13,225 - [user_id: 1899451684]:User: /affirmation
Bot: Your mind is full of brilliant ideas

-=-=-=-=-На русском-=-=-=-=-

Ваш разум полон блестящих идей
2025-06-08 11:37:16,747 - [user_id: 1899451684]:User: /affirmation
Bot: Starting is the most difficult step - but you can do it

-=-=-=-=-На русском-=-=-=-=-

Запуск - самый сложный шаг - но вы можете это сделать
2025-06-08 11:37:18,999 - [user_id: 1899451684]:User: /affirmation
Bot: 10x engineers are a myth

-=-=-=-=-На русском-=-=-=-=-

10 -кратные инженеры - миф
2025-06-08 11:37:29,163 - [user_id: 1899451684]:User: /weather Кемерово
Bot: Погода в Кемерово:
Небольшой дождь
🌡 Температура: *19.83°C*
🌡 Ощущается как *20.17°C*

💦 Влажность: *88%*
🌫 Давление: *1009 гПа*

💨 Скорость ветра: *4 м/с*
↗️ Направление: *30°*
2025-06-08 11:37:46,099 - [user_id: 1899451684]:User: /map Эрмитаж
Bot: Координаты Эрмитаж: 55.7546199, 37.6497723
2025-06-08 11:38:03,888 - [user_id: 1899451684]:User: /translate
Bot: Введите текст для перевода.
2025-06-08 11:38:23,542 - [user_id: 1899451684]:User: /translate Your translations in affirmations are so shitty but that's alright
Bot: Источник:
Your translations in affirmations are so shitty but that's alright

Перевод:
Ваши переводы в утверждениях такие дерьмовые, но это нормально
2025-06-08 19:17:23,756 - [user_id: 1899451684]:User: /affirmation
Bot: You can do it

-=-=-=-=-На русском-=-=-=-=-

Вы можете это сделать
2025-06-08 19:17:27,131 - [user_id: 1899451684]:User: /affirmation
Bot: Don't forget to enjoy the journey

-=-=-=-=-На русском-=-=-=-=-

Не забывайте наслаждаться путешествием
2025-06-08 19:17:31,166 - [user_id: 1899451684]:User: /affirmation
Bot: If everything was easy you'd be bored

-=-=-=-=-На русском-=-=-=-=-

Если бы все было легко, вам было бы скучно.
2025-06-08 19:17:36,117 - [user_id: 1899451684]:User: /affirmation
Bot: It'll feel magical when it's working

-=-=-=-=-На русском-=-=-=-=-

Вы почувствуете себя волшебником, когда все заработает.
2025-06-08 19:17:41,326 - [user_id: 1899451684]:User: /affirmation
Bot: Starting is the most difficult step - but you can do it

-=-=-=-=-На русском-=-=-=-=-

Начать - самый сложный шаг, но вы можете это сделать
2025-06-08 19:17:47,996 - [user_id: 1899451684]:User: /affirmation
Bot: You got this

-=-=-=-=-На русском-=-=-=-=-

У вас есть это
2025-06-08 19:17:52,994 - [user_id: 1899451684]:User: /affirmation
Bot: Sucking at something is the first step towards being good at something

-=-=-=-=-На русском-=-=-=-=-

Отстой в чем-то - это первый шаг к тому, чтобы стать хорошим в чем-то.
2025-06-08 19:18:04,464 - [user_id: 1899451684]:User: /affirmation
Bot: Failure is just another way to learn how to do something right

-=-=-=-=-На русском-=-=-=-=-

Неудача - это еще один способ научиться делать что-то правильно.
2025-06-08 19:18:10,114 - [user_id: 1899451684]:User: /weather
Bot: Укажите город: /weather <город>
2025-06-08 19:18:18,774 - [user_id: 1899451684]:User: /weather Moscow
Bot: Погода в Moscow:
Пасмурно
🌡 Температура: *25.87°C*
🌡 Ощущается как *26.16°C*

💦 Влажность: *63%*
🌫 Давление: *1011 гПа*

💨 Скорость ветра: *6.52 м/с*
↗️ Направление: *202°*
2025-06-08 19:18:37,101 - [user_id: 1899451684]:User: /map ГЦС Кузбасс
Bot: Не нашлось :с.
2025-06-08 19:19:10,833 - [user_id: 1899451684]:User: /map Москва
Bot: Координаты Москва: 55.6255780, 37.6063916
2025-06-08 19:19:19,994 - [user_id: 1899451684]:User: /translate
Bot: Введите текст для перевода.
2025-06-08 19:19:45,512 - [user_id: 1899451684]:User: /translate well, now way better than it was. Good Job, Anatoliy
Bot: Источник:
well, now way better than it was. Good Job, Anatoliy

Перевод:
ну, теперь намного лучше, чем было. Хорошая работа, Анатолий
2025-06-08 19:20:28,191 - [user_id: 1899451684]:User: /movie
Bot: Укажите название фильма: /movie <название>
2025-06-08 19:20:34,966 - [user_id: 1899451684]:User: /movie Громовержцы
Bot: Громовержцы* (2025)
Thunderbolts*, 127 мин.

*Рейтинг: 7.1/10*⭐️

Описание:
Команда злодеев отправляется на задание по приказу правительства.

[Ссылочка *Тык*](https://www.kinopoisk.ru/film/5001443/sr/1/)
2025-06-08 19:20:42,997 - [user_id: 1899451684]:User: /most_wanted
Bot: Фильмы месяца (стр. 1/6):

🎬 [Ateez World Tour [Towards the Light: Will to Power] в Сеуле](https://www.kinopoisk.ru/film/8055465/) (2024) 126 мин.
📆 Дата премьеры: 2025-06-04
[Купить билет 🎟](https://www.kinopoisk.ru/film/8055465/afisha/city/1/)

🎬 [Ненависть](https://www.kinopoisk.ru/film/9448/) (1995) 98 мин.
📆 Дата премьеры: 2025-06-05
[Купить билет 🎟](https://www.kinopoisk.ru/film/9448/afisha/city/1/)

🎬 [Балерина](https://www.kinopoisk.ru/film/1047492/) (2025) 125 мин.
📆 Дата премьеры: 2025-06-05
[Купить билет 🎟](https://www.kinopoisk.ru/film/1047492/afisha/city/1/)

🎬 [Гадкая сестра](https://www.kinopoisk.ru/film/7229988/) (2025) 109 мин.
📆 Дата премьеры: 2025-06-05
[Купить билет 🎟](https://www.kinopoisk.ru/film/7229988/afisha/city/1/)

🎬 [Жизнь Чака](https://www.kinopoisk.ru/film/5406956/) (2024) 110 мин.
📆 Дата премьеры: 2025-06-05
[Купить билет 🎟](https://www.kinopoisk.ru/film/5406956/afisha/city/1/)

🎬 [Копы в законе](https://www.kinopoisk.ru/film/7411831/) (2025) 87 мин.
📆 Дата премьеры: 2025-06-05
[Купить билет 🎟](https://www.kinopoisk.ru/film/7411831/afisha/city/1/)

🎬 [Поле чудес](https://www.kinopoisk.ru/film/6062449/) (2025) 90 мин.
📆 Дата премьеры: 2025-06-05
[Купить билет 🎟](https://www.kinopoisk.ru/film/6062449/afisha/city/1/)

🎬 [Заклятие. Демон внутри](https://www.kinopoisk.ru/film/1292096/) (2024) 88 мин.
📆 Дата премьеры: 2025-06-05
[Купить билет 🎟](https://www.kinopoisk.ru/film/1292096/afisha/city/1/)

🎬 [Самозванцы](https://www.kinopoisk.ru/film/7526672/) (2024) 90 мин.
📆 Дата премьеры: 2025-06-05
[Купить билет 🎟](https://www.kinopoisk.ru/film/7526672/afisha/city/1/)

🎬 [Джамбо и маленькое привидение](https://www.kinopoisk.ru/film/6638229/) (2025) 102 мин.
📆 Дата премьеры: 2025-06-05
[Купить билет 🎟](https://www.kinopoisk.ru/film/6638229/afisha/city/1/)


2025-06-08 19:20:51,040 - [user_id: 1899451684]:User: 
Bot: Фильмы месяца (стр. 2/6):

🎬 [Сны о ней](https://www.kinopoisk.ru/film/6792125/) (2024) 113 мин.
📆 Дата премьеры: 2025-06-05
[Купить билет 🎟](https://www.kinopoisk.ru/film/6792125/afisha/city/1/)

🎬 [Моя мама — волшебница](https://www.kinopoisk.ru/film/6122292/) (2025) 102 мин.
📆 Дата премьеры: 2025-06-05
[Купить билет 🎟](https://www.kinopoisk.ru/film/6122292/afisha/city/1/)

🎬 [Суровая жизнь](https://www.kinopoisk.ru/film/8052709/) (2025) 165 мин.
📆 Дата премьеры: 2025-06-05
[Купить билет 🎟](https://www.kinopoisk.ru/film/8052709/afisha/city/1/)

🎬 [Арт-лекторий: Тайная жизнь Уффици](https://www.kinopoisk.ru/film/4558757/) (2021) 96 мин.
📆 Дата премьеры: 2025-06-05
[Купить билет 🎟](https://www.kinopoisk.ru/film/4558757/afisha/city/1/)

🎬 [Хаусфул-5](https://www.kinopoisk.ru/film/1202005/) (2025) 164 мин.
📆 Дата премьеры: 2025-06-06
[Купить билет 🎟](https://www.kinopoisk.ru/film/1202005/afisha/city/1/)

🎬 [TheatreHD: Курентзис: Милосердие Тита](https://www.kinopoisk.ru/film/8014799/) (2017) 179 мин.
📆 Дата премьеры: 2025-06-11
[Купить билет 🎟](https://www.kinopoisk.ru/film/8014799/afisha/city/1/)

🎬 [Как стать миллионером](https://www.kinopoisk.ru/film/7165623/) (2024) 91 мин.
📆 Дата премьеры: 2025-06-12
[Купить билет 🎟](https://www.kinopoisk.ru/film/7165623/afisha/city/1/)

🎬 [Артек. Сквозь столетия](https://www.kinopoisk.ru/film/5203768/) (2025) 100 мин.
📆 Дата премьеры: 2025-06-12
[Купить билет 🎟](https://www.kinopoisk.ru/film/5203768/afisha/city/1/)

🎬 [Творение богов: Битва с демонами](https://www.kinopoisk.ru/film/1200005/) (2025) 144 мин.
📆 Дата премьеры: 2025-06-12
[Купить билет 🎟](https://www.kinopoisk.ru/film/1200005/afisha/city/1/)

🎬 [Синистер. Из тьмы](https://www.kinopoisk.ru/film/6022226/) (2024) 95 мин.
📆 Дата премьеры: 2025-06-12
[Купить билет 🎟](https://www.kinopoisk.ru/film/6022226/afisha/city/1/)


