2025-06-09 07:49:09,764 - [user_id: 403322801]:User: /start
Bot: Привет! Доступные команды:
Вспомогательные:
  /weather <город> — Прогноз погоды
  /map <локация> — Координаты локации + карта
  /translate <текст> — Перевод текста на русский
  /affirmation — Случайная аффирмация
Основные:
  /movie <название> — Подробнее о фильме
  /most_wanted — Ожидаемые фильмы месяца
2025-06-09 07:49:46,329 - [user_id: 403322801]:User: /movie
Bot: Укажите название фильма: /movie <название>
2025-06-09 07:49:53,433 - [user_id: 403322801]:User: Джентельмены
Bot: Неизвестная команда. Введите /help для списка команд.
2025-06-09 07:50:04,533 - [user_id: 403322801]:User: /movie
Bot: Укажите название фильма: /movie <название>
2025-06-09 07:50:15,571 - [user_id: 403322801]:User: /movie
Bot: Укажите название фильма: /movie <название>
2025-06-09 07:50:19,210 - [user_id: 403322801]:User: Джентел
Bot: Неизвестная команда. Введите /help для списка команд.
2025-06-09 07:50:27,789 - [user_id: 403322801]:User: /movie Джентельмены
Bot: Джентльмены (сериал) (2024 – ...)
The Gentlemen, 50 мин.

*Рейтинг: 7.8/10*⭐️

Описание:
Молодой человек по имени Эдди Холстед узнаёт, что полученное им большое наследство связано с наркоимперией Бобби Гласса.

[Ссылочка *Тык*](https://www.kinopoisk.ru/film/1435343/sr/1/)
2025-06-09 07:50:44,376 - [user_id: 403322801]:User: /weather
Bot: Укажите город: /weather <город>
2025-06-09 07:50:54,814 - [user_id: 403322801]:User: /weather Новосибирск
Bot: Погода в Новосибирск:
Ясно
🌡 Температура: *10.61°C*
🌡 Ощущается как *10.15°C*

💦 Влажность: *93%*
🌫 Давление: *1018 гПа*

💨 Скорость ветра: *2 м/с*
↗️ Направление: *10°*
2025-06-09 07:53:31,246 - [user_id: 403322801]:User: /affirmation
Bot: Your life is already a miracle of chance waiting for you to shape its destiny

-=-=-=-=-На русском-=-=-=-=-

Ваша жизнь - это уже чудо случая, которое ждет, когда вы определите ее судьбу.
2025-06-09 07:53:41,425 - [user_id: 403322801]:User: /most_wanted
Bot: Фильмы месяца (стр. 1/6):

🎬 [Ateez World Tour [Towards the Light: Will to Power] в Сеуле](https://www.kinopoisk.ru/film/8055465/) (2024) 126 мин.
📆 Дата премьеры: 2025-06-04
[Купить билет 🎟](https://www.kinopoisk.ru/film/8055465/afisha/city/1/)

🎬 [Ненависть](https://www.kinopoisk.ru/film/9448/) (1995) 98 мин.
📆 Дата премьеры: 2025-06-05
[Купить билет 🎟](https://www.kinopoisk.ru/film/9448/afisha/city/1/)

🎬 [Балерина](https://www.kinopoisk.ru/film/1047492/) (2025) 125 мин.
📆 Дата премьеры: 2025-06-05
[Купить билет 🎟](https://www.kinopoisk.ru/film/1047492/afisha/city/1/)

🎬 [Гадкая сестра](https://www.kinopoisk.ru/film/7229988/) (2025) 109 мин.
📆 Дата премьеры: 2025-06-05
[Купить билет 🎟](https://www.kinopoisk.ru/film/7229988/afisha/city/1/)

🎬 [Жизнь Чака](https://www.kinopoisk.ru/film/5406956/) (2024) 110 мин.
📆 Дата премьеры: 2025-06-05
[Купить билет 🎟](https://www.kinopoisk.ru/film/5406956/afisha/city/1/)

🎬 [Копы в законе](https://www.kinopoisk.ru/film/7411831/) (2025) 87 мин.
📆 Дата премьеры: 2025-06-05
[Купить билет 🎟](https://www.kinopoisk.ru/film/7411831/afisha/city/1/)

🎬 [Поле чудес](https://www.kinopoisk.ru/film/6062449/) (2025) 90 мин.
📆 Дата премьеры: 2025-06-05
[Купить билет 🎟](https://www.kinopoisk.ru/film/6062449/afisha/city/1/)

🎬 [Заклятие. Демон внутри](https://www.kinopoisk.ru/film/1292096/) (2024) 88 мин.
📆 Дата премьеры: 2025-06-05
[Купить билет 🎟](https://www.kinopoisk.ru/film/1292096/afisha/city/1/)

🎬 [Самозванцы](https://www.kinopoisk.ru/film/7526672/) (2024) 90 мин.
📆 Дата премьеры: 2025-06-05
[Купить билет 🎟](https://www.kinopoisk.ru/film/7526672/afisha/city/1/)

🎬 [Джамбо и маленькое привидение](https://www.kinopoisk.ru/film/6638229/) (2025) 102 мин.
📆 Дата премьеры: 2025-06-05
[Купить билет 🎟](https://www.kinopoisk.ru/film/6638229/afisha/city/1/)


2025-06-09 10:33:51,860 - [user_id: 403322801]:User: /help
Bot: Привет! Доступные команды:
Вспомогательные:
  /weather <город> — Прогноз погоды
  /map <локация> — Координаты локации + карта
  /translate <текст> — Перевод текста на русский
  /affirmation — Случайная аффирмация
Основные:
  /movie <название> — Подробнее о фильме
  /most_wanted — Ожидаемые фильмы месяца
2025-06-09 10:33:53,805 - [user_id: 403322801]:User: /weather
Bot: Укажите город: /weather <город>
2025-06-09 10:33:57,808 - [user_id: 403322801]:User: Новосибирск
Bot: Неизвестная команда. Введите /help для списка команд.
2025-06-09 10:36:25,158 - [user_id: 403322801]:User: /weather
Bot: Укажите город: /weather <город>
2025-06-09 10:36:28,956 - [user_id: 403322801]:User: /weather
Bot: Укажите город: /weather <город>
2025-06-09 10:37:48,377 - [user_id: 403322801]:User: /weather
Bot: Укажите город: /weather <город>
2025-06-09 10:37:52,009 - [user_id: 403322801]:User: Новосибирск
Bot: Неизвестная команда. Введите /help для списка команд.
2025-06-09 10:38:04,553 - [user_id: 403322801]:User: /weather новосибирск
Bot: Погода в новосибирск:
Ясно
🌡 Температура: *15.61°C*
🌡 Ощущается как *14.98°C*

💦 Влажность: *67%*
🌫 Давление: *1019 гПа*

💨 Скорость ветра: *3 м/с*
↗️ Направление: *30°*
