2025-06-08 20:37:37,291 - [user_id: 422684780]:User: /start
Bot: Привет! Доступные команды:
Вспомогательные:
  /weather <город> — Прогноз погоды
  /map <локация> — Координаты локации + карта
  /translate <текст> — Перевод текста на русский
  /affirmation — Случайная аффирмация
Основные:
  /movie <название> — Подробнее о фильме
  /most_wanted — Ожидаемые фильмы месяца
2025-06-08 20:37:51,863 - [user_id: 422684780]:User: /most_wanted
Bot: Фильмы месяца (стр. 1/6):

🎬 [Ateez World Tour [Towards the Light: Will to Power] в Сеуле](https://www.kinopoisk.ru/film/8055465/) (2024) 126 мин.
📆 Дата премьеры: 2025-06-04
[Купить билет 🎟](https://www.kinopoisk.ru/film/8055465/afisha/city/1/)

🎬 [Ненависть](https://www.kinopoisk.ru/film/9448/) (1995) 98 мин.
📆 Дата премьеры: 2025-06-05
[Купить билет 🎟](https://www.kinopoisk.ru/film/9448/afisha/city/1/)

🎬 [Балерина](https://www.kinopoisk.ru/film/1047492/) (2025) 125 мин.
📆 Дата премьеры: 2025-06-05
[Купить билет 🎟](https://www.kinopoisk.ru/film/1047492/afisha/city/1/)

🎬 [Гадкая сестра](https://www.kinopoisk.ru/film/7229988/) (2025) 109 мин.
📆 Дата премьеры: 2025-06-05
[Купить билет 🎟](https://www.kinopoisk.ru/film/7229988/afisha/city/1/)

🎬 [Жизнь Чака](https://www.kinopoisk.ru/film/5406956/) (2024) 110 мин.
📆 Дата премьеры: 2025-06-05
[Купить билет 🎟](https://www.kinopoisk.ru/film/5406956/afisha/city/1/)

🎬 [Копы в законе](https://www.kinopoisk.ru/film/7411831/) (2025) 87 мин.
📆 Дата премьеры: 2025-06-05
[Купить билет 🎟](https://www.kinopoisk.ru/film/7411831/afisha/city/1/)

🎬 [Поле чудес](https://www.kinopoisk.ru/film/6062449/) (2025) 90 мин.
📆 Дата премьеры: 2025-06-05
[Купить билет 🎟](https://www.kinopoisk.ru/film/6062449/afisha/city/1/)

🎬 [Заклятие. Демон внутри](https://www.kinopoisk.ru/film/1292096/) (2024) 88 мин.
📆 Дата премьеры: 2025-06-05
[Купить билет 🎟](https://www.kinopoisk.ru/film/1292096/afisha/city/1/)

🎬 [Самозванцы](https://www.kinopoisk.ru/film/7526672/) (2024) 90 мин.
📆 Дата премьеры: 2025-06-05
[Купить билет 🎟](https://www.kinopoisk.ru/film/7526672/afisha/city/1/)

🎬 [Джамбо и маленькое привидение](https://www.kinopoisk.ru/film/6638229/) (2025) 102 мин.
📆 Дата премьеры: 2025-06-05
[Купить билет 🎟](https://www.kinopoisk.ru/film/6638229/afisha/city/1/)


